mode: set
github.com/isseis/go-safe-cmd-runner/internal/color/color.go:27.38,28.34 1 1
github.com/isseis/go-safe-cmd-runner/internal/color/color.go:28.34,30.3 1 1
github.com/isseis/go-safe-cmd-runner/internal/color/color.go:61.34,63.2 1 1
github.com/isseis/go-safe-cmd-runner/internal/color/color.go:66.67,68.2 1 1
github.com/isseis/go-safe-cmd-runner/internal/cmdcommon/common.go:41.36,48.17 3 1
github.com/isseis/go-safe-cmd-runner/internal/cmdcommon/common.go:48.17,51.3 2 1
github.com/isseis/go-safe-cmd-runner/internal/cmdcommon/common.go:54.2,55.15 2 1
github.com/isseis/go-safe-cmd-runner/internal/cmdcommon/common.go:55.15,57.17 2 1
github.com/isseis/go-safe-cmd-runner/internal/cmdcommon/common.go:57.17,59.4 1 0
github.com/isseis/go-safe-cmd-runner/internal/cmdcommon/common.go:60.3,60.12 1 1
github.com/isseis/go-safe-cmd-runner/internal/cmdcommon/common.go:64.2,64.61 1 1
github.com/isseis/go-safe-cmd-runner/internal/cmdcommon/common.go:64.61,66.3 1 1
github.com/isseis/go-safe-cmd-runner/internal/cmdcommon/common.go:68.2,71.8 1 1
github.com/isseis/go-safe-cmd-runner/internal/cmdcommon/common.go:75.75,77.2 1 1
github.com/isseis/go-safe-cmd-runner/internal/cmdcommon/common.go:80.19,83.2 2 1
github.com/isseis/go-safe-cmd-runner/internal/common/testing/mocks.go:59.38,59.55 1 0
github.com/isseis/go-safe-cmd-runner/internal/common/testing/mocks.go:62.37,62.54 1 0
github.com/isseis/go-safe-cmd-runner/internal/common/testing/mocks.go:65.43,66.17 1 1
github.com/isseis/go-safe-cmd-runner/internal/common/testing/mocks.go:66.17,68.3 1 1
github.com/isseis/go-safe-cmd-runner/internal/common/testing/mocks.go:69.2,69.15 1 0
github.com/isseis/go-safe-cmd-runner/internal/common/testing/mocks.go:73.44,73.66 1 0
github.com/isseis/go-safe-cmd-runner/internal/common/testing/mocks.go:76.37,76.55 1 1
github.com/isseis/go-safe-cmd-runner/internal/common/testing/mocks.go:79.34,84.2 1 0
github.com/isseis/go-safe-cmd-runner/internal/common/testing/mocks.go:87.42,99.2 3 1
github.com/isseis/go-safe-cmd-runner/internal/common/testing/mocks.go:102.83,103.15 1 0
github.com/isseis/go-safe-cmd-runner/internal/common/testing/mocks.go:103.15,105.3 1 0
github.com/isseis/go-safe-cmd-runner/internal/common/testing/mocks.go:106.2,117.21 5 0
github.com/isseis/go-safe-cmd-runner/internal/common/testing/mocks.go:121.43,123.2 1 0
github.com/isseis/go-safe-cmd-runner/internal/common/testing/mocks.go:126.55,136.32 6 0
github.com/isseis/go-safe-cmd-runner/internal/common/testing/mocks.go:136.32,137.42 1 0
github.com/isseis/go-safe-cmd-runner/internal/common/testing/mocks.go:137.42,140.4 2 0
github.com/isseis/go-safe-cmd-runner/internal/common/testing/mocks.go:143.2,143.12 1 0
github.com/isseis/go-safe-cmd-runner/internal/common/testing/mocks.go:147.52,150.41 2 0
github.com/isseis/go-safe-cmd-runner/internal/common/testing/mocks.go:150.41,152.3 1 0
github.com/isseis/go-safe-cmd-runner/internal/common/testing/mocks.go:155.2,155.32 1 0
github.com/isseis/go-safe-cmd-runner/internal/common/testing/mocks.go:155.32,156.87 1 0
github.com/isseis/go-safe-cmd-runner/internal/common/testing/mocks.go:156.87,158.4 1 0
github.com/isseis/go-safe-cmd-runner/internal/common/testing/mocks.go:161.2,164.12 3 0
github.com/isseis/go-safe-cmd-runner/internal/common/testing/mocks.go:168.66,172.13 3 1
github.com/isseis/go-safe-cmd-runner/internal/common/testing/mocks.go:172.13,174.3 1 0
github.com/isseis/go-safe-cmd-runner/internal/common/testing/mocks.go:176.2,176.18 1 1
github.com/isseis/go-safe-cmd-runner/internal/common/testing/mocks.go:180.64,184.13 3 1
github.com/isseis/go-safe-cmd-runner/internal/common/testing/mocks.go:184.13,186.3 1 0
github.com/isseis/go-safe-cmd-runner/internal/common/testing/mocks.go:188.2,188.20 1 1
github.com/isseis/go-safe-cmd-runner/internal/common/testing/mocks.go:192.64,196.2 3 1
github.com/isseis/go-safe-cmd-runner/internal/common/testing/mocks.go:199.59,203.13 3 1
github.com/isseis/go-safe-cmd-runner/internal/common/testing/mocks.go:203.13,205.3 1 0
github.com/isseis/go-safe-cmd-runner/internal/common/testing/mocks.go:207.2,207.26 1 1
github.com/isseis/go-safe-cmd-runner/internal/common/testing/mocks.go:211.46,213.28 2 0
github.com/isseis/go-safe-cmd-runner/internal/common/testing/mocks.go:213.28,215.3 1 0
github.com/isseis/go-safe-cmd-runner/internal/common/testing/mocks.go:216.2,217.14 2 0
github.com/isseis/go-safe-cmd-runner/internal/common/testing/mocks.go:221.45,223.27 2 0
github.com/isseis/go-safe-cmd-runner/internal/common/testing/mocks.go:223.27,225.3 1 0
github.com/isseis/go-safe-cmd-runner/internal/common/testing/mocks.go:226.2,227.13 2 0
github.com/isseis/go-safe-cmd-runner/internal/common/testing/mocks.go:232.87,236.40 2 1
github.com/isseis/go-safe-cmd-runner/internal/common/testing/mocks.go:236.40,238.3 1 1
github.com/isseis/go-safe-cmd-runner/internal/common/testing/mocks.go:240.2,249.12 2 1
github.com/isseis/go-safe-cmd-runner/internal/common/testing/mocks.go:254.70,256.2 1 1
github.com/isseis/go-safe-cmd-runner/internal/common/testing/mocks.go:260.96,264.40 2 1
github.com/isseis/go-safe-cmd-runner/internal/common/testing/mocks.go:264.40,266.3 1 1
github.com/isseis/go-safe-cmd-runner/internal/common/testing/mocks.go:268.2,277.12 3 1
github.com/isseis/go-safe-cmd-runner/internal/common/testing/mocks.go:282.72,287.44 3 1
github.com/isseis/go-safe-cmd-runner/internal/common/testing/mocks.go:287.44,289.3 1 1
github.com/isseis/go-safe-cmd-runner/internal/common/testing/mocks.go:291.2,301.12 3 1
github.com/isseis/go-safe-cmd-runner/internal/common/testing/mocks.go:305.83,306.15 1 0
github.com/isseis/go-safe-cmd-runner/internal/common/testing/mocks.go:306.15,308.3 1 0
github.com/isseis/go-safe-cmd-runner/internal/common/testing/mocks.go:311.2,325.16 5 0
github.com/isseis/go-safe-cmd-runner/internal/common/testing/mocks.go:325.16,327.3 1 0
github.com/isseis/go-safe-cmd-runner/internal/common/testing/mocks.go:330.2,332.20 2 0
github.com/isseis/go-safe-cmd-runner/internal/common/testing/mocks.go:336.72,343.29 4 0
github.com/isseis/go-safe-cmd-runner/internal/common/testing/mocks.go:343.29,344.17 1 0
github.com/isseis/go-safe-cmd-runner/internal/common/testing/mocks.go:344.17,345.12 1 0
github.com/isseis/go-safe-cmd-runner/internal/common/testing/mocks.go:348.3,348.24 1 0
github.com/isseis/go-safe-cmd-runner/internal/common/testing/mocks.go:348.24,350.4 1 0
github.com/isseis/go-safe-cmd-runner/internal/common/testing/mocks.go:350.9,352.4 1 0
github.com/isseis/go-safe-cmd-runner/internal/common/testing/mocks.go:355.3,355.49 1 0
github.com/isseis/go-safe-cmd-runner/internal/common/testing/mocks.go:355.49,364.4 2 0
github.com/isseis/go-safe-cmd-runner/internal/common/testing/mocks.go:367.2,367.12 1 0
github.com/isseis/go-safe-cmd-runner/internal/common/filesystem.go:56.48,58.2 1 1
github.com/isseis/go-safe-cmd-runner/internal/common/filesystem.go:61.87,63.2 1 1
github.com/isseis/go-safe-cmd-runner/internal/common/filesystem.go:66.47,68.2 1 1
github.com/isseis/go-safe-cmd-runner/internal/common/filesystem.go:71.59,73.2 1 1
github.com/isseis/go-safe-cmd-runner/internal/common/filesystem.go:76.56,78.2 1 1
github.com/isseis/go-safe-cmd-runner/internal/common/filesystem.go:81.70,83.2 1 1
github.com/isseis/go-safe-cmd-runner/internal/common/filesystem.go:86.68,88.24 2 1
github.com/isseis/go-safe-cmd-runner/internal/common/filesystem.go:88.24,90.3 1 1
github.com/isseis/go-safe-cmd-runner/internal/common/filesystem.go:91.2,91.24 1 1
github.com/isseis/go-safe-cmd-runner/internal/common/filesystem.go:95.63,97.16 2 1
github.com/isseis/go-safe-cmd-runner/internal/common/filesystem.go:97.16,99.3 1 1
github.com/isseis/go-safe-cmd-runner/internal/common/filesystem.go:100.2,100.26 1 1
github.com/isseis/go-safe-cmd-runner/internal/common/filesystem.go:104.87,106.2 1 0
github.com/isseis/go-safe-cmd-runner/internal/common/filesystem.go:109.76,111.2 1 0
github.com/isseis/go-safe-cmd-runner/internal/common/filesystem.go:119.57,120.16 1 1
github.com/isseis/go-safe-cmd-runner/internal/common/filesystem.go:120.16,122.3 1 1
github.com/isseis/go-safe-cmd-runner/internal/common/filesystem.go:123.2,123.32 1 1
github.com/isseis/go-safe-cmd-runner/internal/common/filesystem.go:126.39,128.2 1 1
github.com/isseis/go-safe-cmd-runner/internal/common/filesystem.go:132.53,136.2 2 1
github.com/isseis/go-safe-cmd-runner/internal/common/slice.go:25.57,27.29 2 1
github.com/isseis/go-safe-cmd-runner/internal/common/slice.go:27.29,29.3 1 1
github.com/isseis/go-safe-cmd-runner/internal/common/slice.go:30.2,30.12 1 1
github.com/isseis/go-safe-cmd-runner/internal/common/string.go:15.61,17.25 2 1
github.com/isseis/go-safe-cmd-runner/internal/common/string.go:17.25,19.3 1 1
github.com/isseis/go-safe-cmd-runner/internal/common/string.go:20.2,20.25 1 1
github.com/isseis/go-safe-cmd-runner/internal/common/timeout.go:16.43,18.2 1 1
github.com/isseis/go-safe-cmd-runner/internal/common/timeout.go:43.38,45.2 1 1
github.com/isseis/go-safe-cmd-runner/internal/common/timeout.go:48.32,50.2 1 1
github.com/isseis/go-safe-cmd-runner/internal/common/timeout.go:53.36,55.2 1 1
github.com/isseis/go-safe-cmd-runner/internal/common/timeout.go:59.47,60.17 1 1
github.com/isseis/go-safe-cmd-runner/internal/common/timeout.go:60.17,65.3 1 1
github.com/isseis/go-safe-cmd-runner/internal/common/timeout.go:66.2,66.26 1 1
github.com/isseis/go-safe-cmd-runner/internal/common/timeout.go:66.26,71.3 1 1
github.com/isseis/go-safe-cmd-runner/internal/common/timeout.go:72.2,72.38 1 1
github.com/isseis/go-safe-cmd-runner/internal/common/timeout.go:76.31,78.2 1 1
github.com/isseis/go-safe-cmd-runner/internal/common/timeout.go:82.37,84.2 1 1
github.com/isseis/go-safe-cmd-runner/internal/common/timeout.go:90.30,91.20 1 1
github.com/isseis/go-safe-cmd-runner/internal/common/timeout.go:91.20,92.200 1 1
github.com/isseis/go-safe-cmd-runner/internal/common/timeout.go:94.2,94.17 1 1
github.com/isseis/go-safe-cmd-runner/internal/common/timeout.go:111.73,112.28 1 1
github.com/isseis/go-safe-cmd-runner/internal/common/timeout.go:112.28,114.3 1 1
github.com/isseis/go-safe-cmd-runner/internal/common/timeout.go:115.2,115.27 1 1
github.com/isseis/go-safe-cmd-runner/internal/common/timeout.go:115.27,117.3 1 1
github.com/isseis/go-safe-cmd-runner/internal/common/timeout.go:118.2,118.23 1 1
github.com/isseis/go-safe-cmd-runner/internal/common/timeout_resolver.go:38.71,43.2 2 1
github.com/isseis/go-safe-cmd-runner/internal/common/timeout_resolver.go:49.141,54.9 3 1
github.com/isseis/go-safe-cmd-runner/internal/common/timeout_resolver.go:55.25,57.20 2 1
github.com/isseis/go-safe-cmd-runner/internal/common/timeout_resolver.go:58.27,60.18 2 1
github.com/isseis/go-safe-cmd-runner/internal/common/timeout_resolver.go:61.28,63.19 2 1
github.com/isseis/go-safe-cmd-runner/internal/common/timeout_resolver.go:64.10,66.20 2 1
github.com/isseis/go-safe-cmd-runner/internal/common/timeout_resolver.go:69.2,75.31 2 1
github.com/isseis/go-safe-cmd-runner/internal/common/timeout_resolver.go:80.43,82.2 1 1
github.com/isseis/go-safe-cmd-runner/internal/common/types.go:8.25,10.2 1 1
github.com/isseis/go-safe-cmd-runner/internal/common/types.go:14.28,16.2 1 0
github.com/isseis/go-safe-cmd-runner/internal/filevalidator/encoding/errors.go:51.50,53.2 1 1
github.com/isseis/go-safe-cmd-runner/internal/filevalidator/encoding/errors.go:87.40,89.2 1 0
github.com/isseis/go-safe-cmd-runner/internal/filevalidator/encoding/errors.go:92.41,94.2 1 0
github.com/isseis/go-safe-cmd-runner/internal/filevalidator/encoding/substitution_hash_escape.go:34.58,36.2 1 1
github.com/isseis/go-safe-cmd-runner/internal/filevalidator/encoding/substitution_hash_escape.go:67.70,68.16 1 1
github.com/isseis/go-safe-cmd-runner/internal/filevalidator/encoding/substitution_hash_escape.go:68.16,70.3 1 1
github.com/isseis/go-safe-cmd-runner/internal/filevalidator/encoding/substitution_hash_escape.go:73.2,73.27 1 1
github.com/isseis/go-safe-cmd-runner/internal/filevalidator/encoding/substitution_hash_escape.go:73.27,75.3 1 1
github.com/isseis/go-safe-cmd-runner/internal/filevalidator/encoding/substitution_hash_escape.go:76.2,76.34 1 1
github.com/isseis/go-safe-cmd-runner/internal/filevalidator/encoding/substitution_hash_escape.go:76.34,78.3 1 1
github.com/isseis/go-safe-cmd-runner/internal/filevalidator/encoding/substitution_hash_escape.go:80.2,80.37 1 1
github.com/isseis/go-safe-cmd-runner/internal/filevalidator/encoding/substitution_hash_escape.go:101.70,107.28 3 1
github.com/isseis/go-safe-cmd-runner/internal/filevalidator/encoding/substitution_hash_escape.go:107.28,108.15 1 1
github.com/isseis/go-safe-cmd-runner/internal/filevalidator/encoding/substitution_hash_escape.go:109.12,112.26 1 1
github.com/isseis/go-safe-cmd-runner/internal/filevalidator/encoding/substitution_hash_escape.go:113.12,116.29 1 1
github.com/isseis/go-safe-cmd-runner/internal/filevalidator/encoding/substitution_hash_escape.go:117.12,120.29 1 1
github.com/isseis/go-safe-cmd-runner/internal/filevalidator/encoding/substitution_hash_escape.go:121.11,123.27 1 1
github.com/isseis/go-safe-cmd-runner/internal/filevalidator/encoding/substitution_hash_escape.go:127.2,127.25 1 1
github.com/isseis/go-safe-cmd-runner/internal/filevalidator/encoding/substitution_hash_escape.go:156.73,157.19 1 1
github.com/isseis/go-safe-cmd-runner/internal/filevalidator/encoding/substitution_hash_escape.go:157.19,159.3 1 1
github.com/isseis/go-safe-cmd-runner/internal/filevalidator/encoding/substitution_hash_escape.go:162.2,162.43 1 1
github.com/isseis/go-safe-cmd-runner/internal/filevalidator/encoding/substitution_hash_escape.go:162.43,164.3 1 1
github.com/isseis/go-safe-cmd-runner/internal/filevalidator/encoding/substitution_hash_escape.go:167.2,169.20 2 1
github.com/isseis/go-safe-cmd-runner/internal/filevalidator/encoding/substitution_hash_escape.go:190.73,197.34 4 1
github.com/isseis/go-safe-cmd-runner/internal/filevalidator/encoding/substitution_hash_escape.go:197.34,200.15 2 1
github.com/isseis/go-safe-cmd-runner/internal/filevalidator/encoding/substitution_hash_escape.go:201.12,203.24 1 1
github.com/isseis/go-safe-cmd-runner/internal/filevalidator/encoding/substitution_hash_escape.go:203.24,205.17 2 1
github.com/isseis/go-safe-cmd-runner/internal/filevalidator/encoding/substitution_hash_escape.go:206.14,210.9 2 1
github.com/isseis/go-safe-cmd-runner/internal/filevalidator/encoding/substitution_hash_escape.go:211.14,215.9 2 1
github.com/isseis/go-safe-cmd-runner/internal/filevalidator/encoding/substitution_hash_escape.go:216.13,218.29 1 0
github.com/isseis/go-safe-cmd-runner/internal/filevalidator/encoding/substitution_hash_escape.go:220.10,223.5 1 0
github.com/isseis/go-safe-cmd-runner/internal/filevalidator/encoding/substitution_hash_escape.go:224.12,226.26 1 1
github.com/isseis/go-safe-cmd-runner/internal/filevalidator/encoding/substitution_hash_escape.go:227.11,229.27 1 1
github.com/isseis/go-safe-cmd-runner/internal/filevalidator/encoding/substitution_hash_escape.go:233.2,233.25 1 1
github.com/isseis/go-safe-cmd-runner/internal/groupmembership/manager.go:74.29,78.2 1 1
github.com/isseis/go-safe-cmd-runner/internal/groupmembership/manager.go:82.74,85.91 2 1
github.com/isseis/go-safe-cmd-runner/internal/groupmembership/manager.go:85.91,88.3 2 1
github.com/isseis/go-safe-cmd-runner/internal/groupmembership/manager.go:89.2,96.91 4 1
github.com/isseis/go-safe-cmd-runner/internal/groupmembership/manager.go:96.91,98.3 1 0
github.com/isseis/go-safe-cmd-runner/internal/groupmembership/manager.go:101.2,102.42 2 1
github.com/isseis/go-safe-cmd-runner/internal/groupmembership/manager.go:102.42,105.3 2 1
github.com/isseis/go-safe-cmd-runner/internal/groupmembership/manager.go:108.2,109.16 2 1
github.com/isseis/go-safe-cmd-runner/internal/groupmembership/manager.go:109.16,111.3 1 0
github.com/isseis/go-safe-cmd-runner/internal/groupmembership/manager.go:114.2,119.21 2 1
github.com/isseis/go-safe-cmd-runner/internal/groupmembership/manager.go:123.73,126.16 2 1
github.com/isseis/go-safe-cmd-runner/internal/groupmembership/manager.go:126.16,128.3 1 1
github.com/isseis/go-safe-cmd-runner/internal/groupmembership/manager.go:131.2,132.16 2 1
github.com/isseis/go-safe-cmd-runner/internal/groupmembership/manager.go:132.16,134.3 1 0
github.com/isseis/go-safe-cmd-runner/internal/groupmembership/manager.go:135.2,135.35 1 1
github.com/isseis/go-safe-cmd-runner/internal/groupmembership/manager.go:135.35,137.3 1 1
github.com/isseis/go-safe-cmd-runner/internal/groupmembership/manager.go:140.2,141.16 2 0
github.com/isseis/go-safe-cmd-runner/internal/groupmembership/manager.go:141.16,143.3 1 0
github.com/isseis/go-safe-cmd-runner/internal/groupmembership/manager.go:145.2,146.45 2 0
github.com/isseis/go-safe-cmd-runner/internal/groupmembership/manager.go:146.45,148.3 1 0
github.com/isseis/go-safe-cmd-runner/internal/groupmembership/manager.go:151.2,152.16 2 0
github.com/isseis/go-safe-cmd-runner/internal/groupmembership/manager.go:152.16,154.3 1 0
github.com/isseis/go-safe-cmd-runner/internal/groupmembership/manager.go:157.2,157.57 1 0
github.com/isseis/go-safe-cmd-runner/internal/groupmembership/manager.go:163.94,166.16 2 1
github.com/isseis/go-safe-cmd-runner/internal/groupmembership/manager.go:166.16,168.3 1 0
github.com/isseis/go-safe-cmd-runner/internal/groupmembership/manager.go:171.2,172.16 2 1
github.com/isseis/go-safe-cmd-runner/internal/groupmembership/manager.go:172.16,174.3 1 0
github.com/isseis/go-safe-cmd-runner/internal/groupmembership/manager.go:177.2,178.16 2 1
github.com/isseis/go-safe-cmd-runner/internal/groupmembership/manager.go:178.16,180.3 1 0
github.com/isseis/go-safe-cmd-runner/internal/groupmembership/manager.go:182.2,182.40 1 1
github.com/isseis/go-safe-cmd-runner/internal/groupmembership/manager.go:182.40,186.24 1 1
github.com/isseis/go-safe-cmd-runner/internal/groupmembership/manager.go:186.24,188.4 1 1
github.com/isseis/go-safe-cmd-runner/internal/groupmembership/manager.go:189.3,189.63 1 0
github.com/isseis/go-safe-cmd-runner/internal/groupmembership/manager.go:193.2,193.62 1 0
github.com/isseis/go-safe-cmd-runner/internal/groupmembership/manager.go:216.125,219.45 1 1
github.com/isseis/go-safe-cmd-runner/internal/groupmembership/manager.go:219.45,221.3 1 0
github.com/isseis/go-safe-cmd-runner/internal/groupmembership/manager.go:227.2,232.21 3 1
github.com/isseis/go-safe-cmd-runner/internal/groupmembership/manager.go:232.21,234.3 1 1
github.com/isseis/go-safe-cmd-runner/internal/groupmembership/manager.go:237.2,237.21 1 1
github.com/isseis/go-safe-cmd-runner/internal/groupmembership/manager.go:237.21,239.27 1 1
github.com/isseis/go-safe-cmd-runner/internal/groupmembership/manager.go:239.27,241.4 1 1
github.com/isseis/go-safe-cmd-runner/internal/groupmembership/manager.go:243.3,243.52 1 1
github.com/isseis/go-safe-cmd-runner/internal/groupmembership/manager.go:247.2,247.21 1 1
github.com/isseis/go-safe-cmd-runner/internal/groupmembership/manager.go:247.21,249.27 1 1
github.com/isseis/go-safe-cmd-runner/internal/groupmembership/manager.go:249.27,251.4 1 1
github.com/isseis/go-safe-cmd-runner/internal/groupmembership/manager.go:255.2,255.68 1 1
github.com/isseis/go-safe-cmd-runner/internal/groupmembership/manager.go:281.119,283.16 2 1
github.com/isseis/go-safe-cmd-runner/internal/groupmembership/manager.go:283.16,285.3 1 0
github.com/isseis/go-safe-cmd-runner/internal/groupmembership/manager.go:287.2,288.16 2 1
github.com/isseis/go-safe-cmd-runner/internal/groupmembership/manager.go:288.16,290.3 1 0
github.com/isseis/go-safe-cmd-runner/internal/groupmembership/manager.go:292.2,292.51 1 1
github.com/isseis/go-safe-cmd-runner/internal/groupmembership/manager.go:292.51,294.3 1 0
github.com/isseis/go-safe-cmd-runner/internal/groupmembership/manager.go:296.2,296.74 1 1
github.com/isseis/go-safe-cmd-runner/internal/groupmembership/manager.go:316.109,318.16 2 1
github.com/isseis/go-safe-cmd-runner/internal/groupmembership/manager.go:318.16,320.3 1 0
github.com/isseis/go-safe-cmd-runner/internal/groupmembership/manager.go:322.2,323.16 2 1
github.com/isseis/go-safe-cmd-runner/internal/groupmembership/manager.go:323.16,325.3 1 0
github.com/isseis/go-safe-cmd-runner/internal/groupmembership/manager.go:327.2,327.51 1 1
github.com/isseis/go-safe-cmd-runner/internal/groupmembership/manager.go:327.51,329.3 1 0
github.com/isseis/go-safe-cmd-runner/internal/groupmembership/manager.go:336.2,341.21 3 1
github.com/isseis/go-safe-cmd-runner/internal/groupmembership/manager.go:341.21,343.3 1 1
github.com/isseis/go-safe-cmd-runner/internal/groupmembership/manager.go:346.2,346.21 1 1
github.com/isseis/go-safe-cmd-runner/internal/groupmembership/manager.go:346.21,349.17 2 1
github.com/isseis/go-safe-cmd-runner/internal/groupmembership/manager.go:349.17,351.4 1 0
github.com/isseis/go-safe-cmd-runner/internal/groupmembership/manager.go:353.3,353.21 1 1
github.com/isseis/go-safe-cmd-runner/internal/groupmembership/manager.go:353.21,355.4 1 0
github.com/isseis/go-safe-cmd-runner/internal/groupmembership/manager.go:362.2,364.25 3 1
github.com/isseis/go-safe-cmd-runner/internal/groupmembership/manager.go:364.25,367.3 1 0
github.com/isseis/go-safe-cmd-runner/internal/groupmembership/manager.go:369.2,369.18 1 1
github.com/isseis/go-safe-cmd-runner/internal/groupmembership/manager.go:382.106,385.19 2 0
github.com/isseis/go-safe-cmd-runner/internal/groupmembership/manager.go:386.18,387.40 1 0
github.com/isseis/go-safe-cmd-runner/internal/groupmembership/manager.go:388.19,389.41 1 0
github.com/isseis/go-safe-cmd-runner/internal/groupmembership/manager.go:390.10,391.82 1 0
github.com/isseis/go-safe-cmd-runner/internal/groupmembership/manager.go:396.2,398.25 3 0
github.com/isseis/go-safe-cmd-runner/internal/groupmembership/manager.go:398.25,401.3 1 0
github.com/isseis/go-safe-cmd-runner/internal/groupmembership/manager.go:403.2,403.12 1 0
github.com/isseis/go-safe-cmd-runner/internal/groupmembership/manager.go:407.41,412.2 4 1
github.com/isseis/go-safe-cmd-runner/internal/groupmembership/manager.go:422.55,430.43 6 1
github.com/isseis/go-safe-cmd-runner/internal/groupmembership/manager.go:430.43,431.30 1 1
github.com/isseis/go-safe-cmd-runner/internal/groupmembership/manager.go:431.30,433.4 1 1
github.com/isseis/go-safe-cmd-runner/internal/groupmembership/manager.go:436.2,440.3 1 1
github.com/isseis/go-safe-cmd-runner/internal/groupmembership/manager.go:444.48,446.45 2 1
github.com/isseis/go-safe-cmd-runner/internal/groupmembership/manager.go:446.45,447.30 1 1
github.com/isseis/go-safe-cmd-runner/internal/groupmembership/manager.go:447.30,449.4 1 1
github.com/isseis/go-safe-cmd-runner/internal/groupmembership/membership_cgo.go:96.52,99.20 3 1
github.com/isseis/go-safe-cmd-runner/internal/groupmembership/membership_cgo.go:99.20,101.3 1 1
github.com/isseis/go-safe-cmd-runner/internal/groupmembership/membership_cgo.go:102.2,109.30 4 1
github.com/isseis/go-safe-cmd-runner/internal/groupmembership/membership_cgo.go:109.30,111.3 1 0
github.com/isseis/go-safe-cmd-runner/internal/groupmembership/membership_cgo.go:112.2,112.20 1 1
github.com/isseis/go-safe-cmd-runner/internal/filevalidator/hash_algo.go:23.32,25.2 1 1
github.com/isseis/go-safe-cmd-runner/internal/filevalidator/hash_algo.go:28.51,30.41 2 1
github.com/isseis/go-safe-cmd-runner/internal/filevalidator/hash_algo.go:30.41,32.3 1 0
github.com/isseis/go-safe-cmd-runner/internal/filevalidator/hash_algo.go:33.2,33.44 1 1
github.com/isseis/go-safe-cmd-runner/internal/filevalidator/hash_manifest.go:39.88,52.2 1 1
github.com/isseis/go-safe-cmd-runner/internal/filevalidator/hash_manifest.go:55.66,57.59 2 1
github.com/isseis/go-safe-cmd-runner/internal/filevalidator/hash_manifest.go:57.59,58.26 1 1
github.com/isseis/go-safe-cmd-runner/internal/filevalidator/hash_manifest.go:59.26,60.113 1 1
github.com/isseis/go-safe-cmd-runner/internal/filevalidator/hash_manifest.go:61.33,62.105 1 0
github.com/isseis/go-safe-cmd-runner/internal/filevalidator/hash_manifest.go:63.11,64.71 1 0
github.com/isseis/go-safe-cmd-runner/internal/filevalidator/hash_manifest.go:67.2,67.22 1 1
github.com/isseis/go-safe-cmd-runner/internal/filevalidator/hash_manifest.go:71.105,73.45 1 1
github.com/isseis/go-safe-cmd-runner/internal/filevalidator/hash_manifest.go:73.45,75.3 1 0
github.com/isseis/go-safe-cmd-runner/internal/filevalidator/hash_manifest.go:78.2,78.43 1 1
github.com/isseis/go-safe-cmd-runner/internal/filevalidator/hash_manifest.go:78.43,80.3 1 0
github.com/isseis/go-safe-cmd-runner/internal/filevalidator/hash_manifest.go:83.2,83.30 1 1
github.com/isseis/go-safe-cmd-runner/internal/filevalidator/hash_manifest.go:83.30,85.3 1 0
github.com/isseis/go-safe-cmd-runner/internal/filevalidator/hash_manifest.go:88.2,88.47 1 1
github.com/isseis/go-safe-cmd-runner/internal/filevalidator/hash_manifest.go:88.47,90.3 1 1
github.com/isseis/go-safe-cmd-runner/internal/filevalidator/hash_manifest.go:93.2,93.46 1 1
github.com/isseis/go-safe-cmd-runner/internal/filevalidator/hash_manifest.go:93.46,95.3 1 1
github.com/isseis/go-safe-cmd-runner/internal/filevalidator/hash_manifest.go:98.2,98.36 1 1
github.com/isseis/go-safe-cmd-runner/internal/filevalidator/hash_manifest.go:98.36,100.3 1 0
github.com/isseis/go-safe-cmd-runner/internal/filevalidator/hash_manifest.go:103.2,103.33 1 1
github.com/isseis/go-safe-cmd-runner/internal/filevalidator/hash_manifest.go:103.33,105.3 1 1
github.com/isseis/go-safe-cmd-runner/internal/filevalidator/hash_manifest.go:107.2,107.12 1 1
github.com/isseis/go-safe-cmd-runner/internal/filevalidator/hybrid_hash_path_getter.go:39.62,44.2 1 1
github.com/isseis/go-safe-cmd-runner/internal/filevalidator/hybrid_hash_path_getter.go:60.114,61.19 1 1
github.com/isseis/go-safe-cmd-runner/internal/filevalidator/hybrid_hash_path_getter.go:61.19,63.3 1 1
github.com/isseis/go-safe-cmd-runner/internal/filevalidator/hybrid_hash_path_getter.go:66.2,67.16 2 1
github.com/isseis/go-safe-cmd-runner/internal/filevalidator/hybrid_hash_path_getter.go:67.16,69.3 1 1
github.com/isseis/go-safe-cmd-runner/internal/filevalidator/hybrid_hash_path_getter.go:72.2,72.43 1 1
github.com/isseis/go-safe-cmd-runner/internal/filevalidator/hybrid_hash_path_getter.go:72.43,75.3 1 1
github.com/isseis/go-safe-cmd-runner/internal/filevalidator/hybrid_hash_path_getter.go:78.2,78.60 1 1
github.com/isseis/go-safe-cmd-runner/internal/filevalidator/privileged_file.go:14.106,17.16 2 1
github.com/isseis/go-safe-cmd-runner/internal/filevalidator/privileged_file.go:17.16,19.3 1 1
github.com/isseis/go-safe-cmd-runner/internal/filevalidator/privileged_file.go:22.2,22.27 1 1
github.com/isseis/go-safe-cmd-runner/internal/filevalidator/privileged_file.go:22.27,24.3 1 1
github.com/isseis/go-safe-cmd-runner/internal/filevalidator/privileged_file.go:27.2,27.24 1 1
github.com/isseis/go-safe-cmd-runner/internal/filevalidator/privileged_file.go:27.24,29.3 1 1
github.com/isseis/go-safe-cmd-runner/internal/filevalidator/privileged_file.go:32.2,32.51 1 1
github.com/isseis/go-safe-cmd-runner/internal/filevalidator/privileged_file.go:32.51,34.3 1 1
github.com/isseis/go-safe-cmd-runner/internal/filevalidator/privileged_file.go:36.2,40.18 2 1
github.com/isseis/go-safe-cmd-runner/internal/filevalidator/privileged_file.go:40.18,44.3 3 0
github.com/isseis/go-safe-cmd-runner/internal/filevalidator/privileged_file.go:46.2,46.20 1 1
github.com/isseis/go-safe-cmd-runner/internal/filevalidator/privileged_file.go:46.20,48.3 1 1
github.com/isseis/go-safe-cmd-runner/internal/filevalidator/privileged_file.go:50.2,50.28 1 0
github.com/isseis/go-safe-cmd-runner/internal/filevalidator/privileged_file.go:55.39,57.2 1 1
github.com/isseis/go-safe-cmd-runner/internal/filevalidator/sha256_path_hash_getter.go:34.54,36.2 1 1
github.com/isseis/go-safe-cmd-runner/internal/filevalidator/sha256_path_hash_getter.go:57.110,58.19 1 1
github.com/isseis/go-safe-cmd-runner/internal/filevalidator/sha256_path_hash_getter.go:58.19,60.3 1 1
github.com/isseis/go-safe-cmd-runner/internal/filevalidator/sha256_path_hash_getter.go:61.2,64.58 3 1
github.com/isseis/go-safe-cmd-runner/internal/filevalidator/validator.go:46.83,48.2 1 1
github.com/isseis/go-safe-cmd-runner/internal/filevalidator/validator.go:60.71,62.2 1 1
github.com/isseis/go-safe-cmd-runner/internal/filevalidator/validator.go:66.119,67.22 1 1
github.com/isseis/go-safe-cmd-runner/internal/filevalidator/validator.go:67.22,69.3 1 1
github.com/isseis/go-safe-cmd-runner/internal/filevalidator/validator.go:71.2,72.16 2 1
github.com/isseis/go-safe-cmd-runner/internal/filevalidator/validator.go:72.16,74.3 1 0
github.com/isseis/go-safe-cmd-runner/internal/filevalidator/validator.go:77.2,78.16 2 1
github.com/isseis/go-safe-cmd-runner/internal/filevalidator/validator.go:78.16,79.25 1 1
github.com/isseis/go-safe-cmd-runner/internal/filevalidator/validator.go:79.25,81.4 1 1
github.com/isseis/go-safe-cmd-runner/internal/filevalidator/validator.go:82.3,82.69 1 0
github.com/isseis/go-safe-cmd-runner/internal/filevalidator/validator.go:84.2,84.19 1 1
github.com/isseis/go-safe-cmd-runner/internal/filevalidator/validator.go:84.19,86.3 1 0
github.com/isseis/go-safe-cmd-runner/internal/filevalidator/validator.go:88.2,92.8 1 1
github.com/isseis/go-safe-cmd-runner/internal/filevalidator/validator.go:99.73,102.16 2 1
github.com/isseis/go-safe-cmd-runner/internal/filevalidator/validator.go:102.16,104.3 1 1
github.com/isseis/go-safe-cmd-runner/internal/filevalidator/validator.go:107.2,108.16 2 1
github.com/isseis/go-safe-cmd-runner/internal/filevalidator/validator.go:108.16,110.3 1 0
github.com/isseis/go-safe-cmd-runner/internal/filevalidator/validator.go:113.2,114.16 2 1
github.com/isseis/go-safe-cmd-runner/internal/filevalidator/validator.go:114.16,116.3 1 0
github.com/isseis/go-safe-cmd-runner/internal/filevalidator/validator.go:119.2,119.90 1 1
github.com/isseis/go-safe-cmd-runner/internal/filevalidator/validator.go:119.90,121.3 1 0
github.com/isseis/go-safe-cmd-runner/internal/filevalidator/validator.go:124.2,124.79 1 1
github.com/isseis/go-safe-cmd-runner/internal/filevalidator/validator.go:124.79,127.17 2 1
github.com/isseis/go-safe-cmd-runner/internal/filevalidator/validator.go:127.17,129.4 1 1
github.com/isseis/go-safe-cmd-runner/internal/filevalidator/validator.go:132.3,132.56 1 1
github.com/isseis/go-safe-cmd-runner/internal/filevalidator/validator.go:132.56,135.4 1 1
github.com/isseis/go-safe-cmd-runner/internal/filevalidator/validator.go:139.3,139.13 1 1
github.com/isseis/go-safe-cmd-runner/internal/filevalidator/validator.go:139.13,141.4 1 1
github.com/isseis/go-safe-cmd-runner/internal/filevalidator/validator.go:143.8,143.32 1 1
github.com/isseis/go-safe-cmd-runner/internal/filevalidator/validator.go:143.32,146.3 1 0
github.com/isseis/go-safe-cmd-runner/internal/filevalidator/validator.go:149.2,152.16 3 1
github.com/isseis/go-safe-cmd-runner/internal/filevalidator/validator.go:152.16,154.3 1 0
github.com/isseis/go-safe-cmd-runner/internal/filevalidator/validator.go:156.2,156.26 1 1
github.com/isseis/go-safe-cmd-runner/internal/filevalidator/validator.go:161.51,164.16 2 1
github.com/isseis/go-safe-cmd-runner/internal/filevalidator/validator.go:164.16,166.3 1 1
github.com/isseis/go-safe-cmd-runner/internal/filevalidator/validator.go:169.2,170.24 2 1
github.com/isseis/go-safe-cmd-runner/internal/filevalidator/validator.go:170.24,172.3 1 0
github.com/isseis/go-safe-cmd-runner/internal/filevalidator/validator.go:173.2,173.16 1 1
github.com/isseis/go-safe-cmd-runner/internal/filevalidator/validator.go:173.16,175.3 1 0
github.com/isseis/go-safe-cmd-runner/internal/filevalidator/validator.go:177.2,178.16 2 1
github.com/isseis/go-safe-cmd-runner/internal/filevalidator/validator.go:178.16,180.3 1 1
github.com/isseis/go-safe-cmd-runner/internal/filevalidator/validator.go:182.2,182.32 1 1
github.com/isseis/go-safe-cmd-runner/internal/filevalidator/validator.go:182.32,184.3 1 1
github.com/isseis/go-safe-cmd-runner/internal/filevalidator/validator.go:186.2,186.12 1 1
github.com/isseis/go-safe-cmd-runner/internal/filevalidator/validator.go:191.98,194.16 2 1
github.com/isseis/go-safe-cmd-runner/internal/filevalidator/validator.go:194.16,196.3 1 0
github.com/isseis/go-safe-cmd-runner/internal/filevalidator/validator.go:199.2,200.16 2 1
github.com/isseis/go-safe-cmd-runner/internal/filevalidator/validator.go:200.16,201.25 1 1
github.com/isseis/go-safe-cmd-runner/internal/filevalidator/validator.go:201.25,203.4 1 1
github.com/isseis/go-safe-cmd-runner/internal/filevalidator/validator.go:204.3,204.65 1 0
github.com/isseis/go-safe-cmd-runner/internal/filevalidator/validator.go:208.2,208.64 1 1
github.com/isseis/go-safe-cmd-runner/internal/filevalidator/validator.go:212.65,213.20 1 1
github.com/isseis/go-safe-cmd-runner/internal/filevalidator/validator.go:213.20,215.3 1 1
github.com/isseis/go-safe-cmd-runner/internal/filevalidator/validator.go:217.2,218.16 2 1
github.com/isseis/go-safe-cmd-runner/internal/filevalidator/validator.go:218.16,220.3 1 0
github.com/isseis/go-safe-cmd-runner/internal/filevalidator/validator.go:222.2,223.16 2 1
github.com/isseis/go-safe-cmd-runner/internal/filevalidator/validator.go:223.16,225.3 1 1
github.com/isseis/go-safe-cmd-runner/internal/filevalidator/validator.go:227.2,228.16 2 1
github.com/isseis/go-safe-cmd-runner/internal/filevalidator/validator.go:228.16,230.3 1 0
github.com/isseis/go-safe-cmd-runner/internal/filevalidator/validator.go:231.2,231.34 1 1
github.com/isseis/go-safe-cmd-runner/internal/filevalidator/validator.go:231.34,233.3 1 1
github.com/isseis/go-safe-cmd-runner/internal/filevalidator/validator.go:235.2,235.45 1 1
github.com/isseis/go-safe-cmd-runner/internal/filevalidator/validator.go:240.68,242.16 2 1
github.com/isseis/go-safe-cmd-runner/internal/filevalidator/validator.go:242.16,244.3 1 0
github.com/isseis/go-safe-cmd-runner/internal/filevalidator/validator.go:245.2,245.50 1 1
github.com/isseis/go-safe-cmd-runner/internal/filevalidator/validator.go:249.118,252.16 2 1
github.com/isseis/go-safe-cmd-runner/internal/filevalidator/validator.go:252.16,254.3 1 0
github.com/isseis/go-safe-cmd-runner/internal/filevalidator/validator.go:257.2,257.87 1 1
github.com/isseis/go-safe-cmd-runner/internal/filevalidator/validator.go:257.87,259.3 1 1
github.com/isseis/go-safe-cmd-runner/internal/filevalidator/validator.go:261.2,261.58 1 1
github.com/isseis/go-safe-cmd-runner/internal/filevalidator/validator.go:265.97,268.16 2 1
github.com/isseis/go-safe-cmd-runner/internal/filevalidator/validator.go:268.16,270.3 1 0
github.com/isseis/go-safe-cmd-runner/internal/filevalidator/validator.go:273.2,276.11 2 1
github.com/isseis/go-safe-cmd-runner/internal/filevalidator/validator.go:276.11,278.3 1 1
github.com/isseis/go-safe-cmd-runner/internal/filevalidator/validator.go:279.2,279.60 1 1
github.com/isseis/go-safe-cmd-runner/internal/filevalidator/validator.go:283.91,285.54 1 1
github.com/isseis/go-safe-cmd-runner/internal/filevalidator/validator.go:285.54,287.3 1 0
github.com/isseis/go-safe-cmd-runner/internal/filevalidator/validator.go:288.2,289.16 2 1
github.com/isseis/go-safe-cmd-runner/internal/filevalidator/validator.go:289.16,291.3 1 0
github.com/isseis/go-safe-cmd-runner/internal/filevalidator/validator.go:294.2,295.16 2 1
github.com/isseis/go-safe-cmd-runner/internal/filevalidator/validator.go:295.16,297.3 1 0
github.com/isseis/go-safe-cmd-runner/internal/filevalidator/validator.go:300.2,300.32 1 1
github.com/isseis/go-safe-cmd-runner/internal/filevalidator/validator.go:300.32,302.3 1 1
github.com/isseis/go-safe-cmd-runner/internal/filevalidator/validator.go:304.2,304.12 1 1
github.com/isseis/go-safe-cmd-runner/internal/filevalidator/validator.go:309.107,312.16 2 1
github.com/isseis/go-safe-cmd-runner/internal/filevalidator/validator.go:312.16,314.3 1 1
github.com/isseis/go-safe-cmd-runner/internal/filevalidator/validator.go:317.2,317.24 1 1
github.com/isseis/go-safe-cmd-runner/internal/filevalidator/validator.go:317.24,319.3 1 1
github.com/isseis/go-safe-cmd-runner/internal/filevalidator/validator.go:322.2,322.51 1 1
github.com/isseis/go-safe-cmd-runner/internal/filevalidator/validator.go:322.51,324.3 1 1
github.com/isseis/go-safe-cmd-runner/internal/filevalidator/validator.go:327.2,328.20 2 1
github.com/isseis/go-safe-cmd-runner/internal/filevalidator/validator.go:328.20,330.3 1 0
github.com/isseis/go-safe-cmd-runner/internal/filevalidator/validator.go:331.2,331.15 1 1
github.com/isseis/go-safe-cmd-runner/internal/filevalidator/validator.go:331.15,333.3 1 1
github.com/isseis/go-safe-cmd-runner/internal/filevalidator/validator.go:336.2,336.45 1 1
github.com/isseis/go-safe-cmd-runner/internal/filevalidator/validator.go:341.126,344.16 2 1
github.com/isseis/go-safe-cmd-runner/internal/filevalidator/validator.go:344.16,346.3 1 0
github.com/isseis/go-safe-cmd-runner/internal/filevalidator/validator.go:349.2,350.16 2 1
github.com/isseis/go-safe-cmd-runner/internal/filevalidator/validator.go:350.16,352.3 1 0
github.com/isseis/go-safe-cmd-runner/internal/filevalidator/validator.go:355.2,356.16 2 1
github.com/isseis/go-safe-cmd-runner/internal/filevalidator/validator.go:356.16,358.3 1 1
github.com/isseis/go-safe-cmd-runner/internal/filevalidator/validator.go:361.2,361.32 1 1
github.com/isseis/go-safe-cmd-runner/internal/filevalidator/validator.go:361.32,363.3 1 1
github.com/isseis/go-safe-cmd-runner/internal/filevalidator/validator.go:365.2,365.21 1 1
github.com/isseis/go-safe-cmd-runner/internal/filevalidator/validator.go:369.68,372.16 2 1
github.com/isseis/go-safe-cmd-runner/internal/filevalidator/validator.go:372.16,374.3 1 1
github.com/isseis/go-safe-cmd-runner/internal/filevalidator/validator.go:377.2,377.67 1 1
github.com/isseis/go-safe-cmd-runner/internal/filevalidator/validator.go:377.67,379.17 2 1
github.com/isseis/go-safe-cmd-runner/internal/filevalidator/validator.go:379.17,381.4 1 0
github.com/isseis/go-safe-cmd-runner/internal/filevalidator/validator.go:382.3,382.22 1 1
github.com/isseis/go-safe-cmd-runner/internal/filevalidator/validator.go:387.124,390.16 2 1
github.com/isseis/go-safe-cmd-runner/internal/filevalidator/validator.go:390.16,392.3 1 1
github.com/isseis/go-safe-cmd-runner/internal/filevalidator/validator.go:395.2,395.24 1 1
github.com/isseis/go-safe-cmd-runner/internal/filevalidator/validator.go:395.24,397.3 1 1
github.com/isseis/go-safe-cmd-runner/internal/filevalidator/validator.go:400.2,400.51 1 1
github.com/isseis/go-safe-cmd-runner/internal/filevalidator/validator.go:400.51,402.3 1 1
github.com/isseis/go-safe-cmd-runner/internal/filevalidator/validator.go:405.2,405.67 1 1
github.com/isseis/go-safe-cmd-runner/internal/filevalidator/validator.go:405.67,408.21 2 1
github.com/isseis/go-safe-cmd-runner/internal/filevalidator/validator.go:408.21,410.4 1 0
github.com/isseis/go-safe-cmd-runner/internal/filevalidator/validator.go:411.3,411.16 1 1
github.com/isseis/go-safe-cmd-runner/internal/filevalidator/validator.go:411.16,413.4 1 1
github.com/isseis/go-safe-cmd-runner/internal/filevalidator/validator.go:416.3,417.17 2 1
github.com/isseis/go-safe-cmd-runner/internal/filevalidator/validator.go:417.17,419.4 1 0
github.com/isseis/go-safe-cmd-runner/internal/filevalidator/validator.go:420.3,420.22 1 1
github.com/isseis/go-safe-cmd-runner/internal/logging/conditional_text_handler.go:41.101,42.30 1 1
github.com/isseis/go-safe-cmd-runner/internal/logging/conditional_text_handler.go:42.30,44.3 1 1
github.com/isseis/go-safe-cmd-runner/internal/logging/conditional_text_handler.go:45.2,45.24 1 1
github.com/isseis/go-safe-cmd-runner/internal/logging/conditional_text_handler.go:45.24,47.3 1 1
github.com/isseis/go-safe-cmd-runner/internal/logging/conditional_text_handler.go:50.2,55.8 2 1
github.com/isseis/go-safe-cmd-runner/internal/logging/conditional_text_handler.go:60.86,62.36 1 1
github.com/isseis/go-safe-cmd-runner/internal/logging/conditional_text_handler.go:62.36,64.3 1 1
github.com/isseis/go-safe-cmd-runner/internal/logging/conditional_text_handler.go:67.2,67.42 1 1
github.com/isseis/go-safe-cmd-runner/internal/logging/conditional_text_handler.go:72.83,74.36 1 1
github.com/isseis/go-safe-cmd-runner/internal/logging/conditional_text_handler.go:74.36,76.3 1 1
github.com/isseis/go-safe-cmd-runner/internal/logging/conditional_text_handler.go:79.2,79.37 1 1
github.com/isseis/go-safe-cmd-runner/internal/logging/conditional_text_handler.go:83.76,88.2 1 1
github.com/isseis/go-safe-cmd-runner/internal/logging/conditional_text_handler.go:91.70,96.2 1 1
github.com/isseis/go-safe-cmd-runner/internal/logging/interactive_handler.go:59.89,60.24 1 1
github.com/isseis/go-safe-cmd-runner/internal/logging/interactive_handler.go:60.24,62.3 1 1
github.com/isseis/go-safe-cmd-runner/internal/logging/interactive_handler.go:63.2,63.30 1 1
github.com/isseis/go-safe-cmd-runner/internal/logging/interactive_handler.go:63.30,65.3 1 1
github.com/isseis/go-safe-cmd-runner/internal/logging/interactive_handler.go:66.2,66.27 1 1
github.com/isseis/go-safe-cmd-runner/internal/logging/interactive_handler.go:66.27,68.3 1 1
github.com/isseis/go-safe-cmd-runner/internal/logging/interactive_handler.go:69.2,69.29 1 1
github.com/isseis/go-safe-cmd-runner/internal/logging/interactive_handler.go:69.29,71.3 1 1
github.com/isseis/go-safe-cmd-runner/internal/logging/interactive_handler.go:73.2,79.8 1 1
github.com/isseis/go-safe-cmd-runner/internal/logging/interactive_handler.go:83.80,86.2 1 1
github.com/isseis/go-safe-cmd-runner/internal/logging/interactive_handler.go:89.77,90.37 1 1
github.com/isseis/go-safe-cmd-runner/internal/logging/interactive_handler.go:90.37,92.3 1 1
github.com/isseis/go-safe-cmd-runner/internal/logging/interactive_handler.go:95.2,98.51 2 1
github.com/isseis/go-safe-cmd-runner/internal/logging/interactive_handler.go:98.51,100.37 2 1
github.com/isseis/go-safe-cmd-runner/internal/logging/interactive_handler.go:100.37,103.48 2 1
github.com/isseis/go-safe-cmd-runner/internal/logging/interactive_handler.go:103.48,104.21 1 1
github.com/isseis/go-safe-cmd-runner/internal/logging/interactive_handler.go:104.21,106.6 1 1
github.com/isseis/go-safe-cmd-runner/internal/logging/interactive_handler.go:107.5,107.20 1 1
github.com/isseis/go-safe-cmd-runner/internal/logging/interactive_handler.go:109.4,112.5 1 1
github.com/isseis/go-safe-cmd-runner/internal/logging/interactive_handler.go:114.3,114.24 1 1
github.com/isseis/go-safe-cmd-runner/internal/logging/interactive_handler.go:118.2,118.23 1 1
github.com/isseis/go-safe-cmd-runner/internal/logging/interactive_handler.go:118.23,121.34 2 1
github.com/isseis/go-safe-cmd-runner/internal/logging/interactive_handler.go:121.34,122.20 1 1
github.com/isseis/go-safe-cmd-runner/internal/logging/interactive_handler.go:122.20,124.5 1 1
github.com/isseis/go-safe-cmd-runner/internal/logging/interactive_handler.go:125.4,125.19 1 1
github.com/isseis/go-safe-cmd-runner/internal/logging/interactive_handler.go:127.3,129.37 2 1
github.com/isseis/go-safe-cmd-runner/internal/logging/interactive_handler.go:129.37,135.4 2 1
github.com/isseis/go-safe-cmd-runner/internal/logging/interactive_handler.go:136.8,138.37 1 1
github.com/isseis/go-safe-cmd-runner/internal/logging/interactive_handler.go:138.37,141.4 2 1
github.com/isseis/go-safe-cmd-runner/internal/logging/interactive_handler.go:145.2,149.66 3 1
github.com/isseis/go-safe-cmd-runner/internal/logging/interactive_handler.go:149.66,151.3 1 0
github.com/isseis/go-safe-cmd-runner/internal/logging/interactive_handler.go:154.2,154.37 1 1
github.com/isseis/go-safe-cmd-runner/internal/logging/interactive_handler.go:154.37,157.17 3 1
github.com/isseis/go-safe-cmd-runner/internal/logging/interactive_handler.go:157.17,158.65 1 1
github.com/isseis/go-safe-cmd-runner/internal/logging/interactive_handler.go:158.65,160.5 1 0
github.com/isseis/go-safe-cmd-runner/internal/logging/interactive_handler.go:164.2,164.12 1 1
github.com/isseis/go-safe-cmd-runner/internal/logging/interactive_handler.go:168.72,169.21 1 1
github.com/isseis/go-safe-cmd-runner/internal/logging/interactive_handler.go:169.21,171.3 1 1
github.com/isseis/go-safe-cmd-runner/internal/logging/interactive_handler.go:174.2,181.29 5 1
github.com/isseis/go-safe-cmd-runner/internal/logging/interactive_handler.go:181.29,186.3 1 1
github.com/isseis/go-safe-cmd-runner/internal/logging/interactive_handler.go:188.2,196.3 1 1
github.com/isseis/go-safe-cmd-runner/internal/logging/interactive_handler.go:200.66,201.16 1 1
github.com/isseis/go-safe-cmd-runner/internal/logging/interactive_handler.go:201.16,203.3 1 1
github.com/isseis/go-safe-cmd-runner/internal/logging/interactive_handler.go:205.2,217.3 4 1
github.com/isseis/go-safe-cmd-runner/internal/logging/log_line_tracker.go:26.56,28.2 1 1
github.com/isseis/go-safe-cmd-runner/internal/logging/log_line_tracker.go:31.54,33.2 1 1
github.com/isseis/go-safe-cmd-runner/internal/logging/log_line_tracker.go:36.53,38.2 1 1
github.com/isseis/go-safe-cmd-runner/internal/logging/log_line_tracker.go:41.41,43.2 1 1
github.com/isseis/go-safe-cmd-runner/internal/logging/message_formatter.go:30.60,32.2 1 1
github.com/isseis/go-safe-cmd-runner/internal/logging/message_formatter.go:37.99,54.27 9 1
github.com/isseis/go-safe-cmd-runner/internal/logging/message_formatter.go:54.27,57.3 2 1
github.com/isseis/go-safe-cmd-runner/internal/logging/message_formatter.go:59.2,59.20 1 1
github.com/isseis/go-safe-cmd-runner/internal/logging/message_formatter.go:64.101,76.27 6 1
github.com/isseis/go-safe-cmd-runner/internal/logging/message_formatter.go:76.27,78.3 1 1
github.com/isseis/go-safe-cmd-runner/internal/logging/message_formatter.go:80.2,80.20 1 1
github.com/isseis/go-safe-cmd-runner/internal/logging/message_formatter.go:84.99,91.43 3 1
github.com/isseis/go-safe-cmd-runner/internal/logging/message_formatter.go:91.43,92.42 1 1
github.com/isseis/go-safe-cmd-runner/internal/logging/message_formatter.go:92.42,93.79 1 1
github.com/isseis/go-safe-cmd-runner/internal/logging/message_formatter.go:93.79,96.5 2 1
github.com/isseis/go-safe-cmd-runner/internal/logging/message_formatter.go:97.4,97.15 1 1
github.com/isseis/go-safe-cmd-runner/internal/logging/message_formatter.go:102.2,103.26 2 1
github.com/isseis/go-safe-cmd-runner/internal/logging/message_formatter.go:103.26,105.42 2 0
github.com/isseis/go-safe-cmd-runner/internal/logging/message_formatter.go:105.42,106.36 1 0
github.com/isseis/go-safe-cmd-runner/internal/logging/message_formatter.go:106.36,108.5 1 0
github.com/isseis/go-safe-cmd-runner/internal/logging/message_formatter.go:110.4,110.46 1 0
github.com/isseis/go-safe-cmd-runner/internal/logging/message_formatter.go:110.46,113.5 2 0
github.com/isseis/go-safe-cmd-runner/internal/logging/message_formatter.go:114.4,114.15 1 0
github.com/isseis/go-safe-cmd-runner/internal/logging/message_formatter.go:119.2,119.25 1 1
github.com/isseis/go-safe-cmd-runner/internal/logging/message_formatter.go:119.25,121.35 2 1
github.com/isseis/go-safe-cmd-runner/internal/logging/message_formatter.go:121.35,122.13 1 1
github.com/isseis/go-safe-cmd-runner/internal/logging/message_formatter.go:122.13,124.5 1 1
github.com/isseis/go-safe-cmd-runner/internal/logging/message_formatter.go:125.4,127.45 3 1
github.com/isseis/go-safe-cmd-runner/internal/logging/message_formatter.go:133.78,140.35 2 1
github.com/isseis/go-safe-cmd-runner/internal/logging/message_formatter.go:140.35,141.21 1 1
github.com/isseis/go-safe-cmd-runner/internal/logging/message_formatter.go:141.21,143.4 1 1
github.com/isseis/go-safe-cmd-runner/internal/logging/message_formatter.go:145.2,145.14 1 1
github.com/isseis/go-safe-cmd-runner/internal/logging/message_formatter.go:149.91,150.21 1 1
github.com/isseis/go-safe-cmd-runner/internal/logging/message_formatter.go:150.21,152.3 1 1
github.com/isseis/go-safe-cmd-runner/internal/logging/message_formatter.go:154.2,156.14 2 1
github.com/isseis/go-safe-cmd-runner/internal/logging/message_formatter.go:156.14,158.3 1 1
github.com/isseis/go-safe-cmd-runner/internal/logging/message_formatter.go:158.8,160.3 1 1
github.com/isseis/go-safe-cmd-runner/internal/logging/message_formatter.go:162.2,166.20 4 1
github.com/isseis/go-safe-cmd-runner/internal/logging/message_formatter.go:170.87,171.14 1 1
github.com/isseis/go-safe-cmd-runner/internal/logging/message_formatter.go:171.14,172.16 1 1
github.com/isseis/go-safe-cmd-runner/internal/logging/message_formatter.go:173.24,174.32 1 1
github.com/isseis/go-safe-cmd-runner/internal/logging/message_formatter.go:175.23,176.33 1 1
github.com/isseis/go-safe-cmd-runner/internal/logging/message_formatter.go:177.23,178.34 1 1
github.com/isseis/go-safe-cmd-runner/internal/logging/message_formatter.go:179.24,180.31 1 1
github.com/isseis/go-safe-cmd-runner/internal/logging/message_formatter.go:181.11,182.44 1 1
github.com/isseis/go-safe-cmd-runner/internal/logging/message_formatter.go:184.8,185.16 1 1
github.com/isseis/go-safe-cmd-runner/internal/logging/message_formatter.go:186.24,187.20 1 1
github.com/isseis/go-safe-cmd-runner/internal/logging/message_formatter.go:188.23,189.20 1 1
github.com/isseis/go-safe-cmd-runner/internal/logging/message_formatter.go:190.23,191.20 1 1
github.com/isseis/go-safe-cmd-runner/internal/logging/message_formatter.go:192.24,193.20 1 1
github.com/isseis/go-safe-cmd-runner/internal/logging/message_formatter.go:194.11,195.54 1 1
github.com/isseis/go-safe-cmd-runner/internal/logging/message_formatter.go:201.88,203.41 2 1
github.com/isseis/go-safe-cmd-runner/internal/logging/message_formatter.go:203.41,206.3 2 1
github.com/isseis/go-safe-cmd-runner/internal/logging/message_formatter.go:208.2,208.29 1 1
github.com/isseis/go-safe-cmd-runner/internal/logging/message_formatter.go:208.29,209.12 1 1
github.com/isseis/go-safe-cmd-runner/internal/logging/message_formatter.go:209.12,211.4 1 1
github.com/isseis/go-safe-cmd-runner/internal/logging/message_formatter.go:212.3,214.44 3 1
github.com/isseis/go-safe-cmd-runner/internal/logging/message_formatter.go:219.72,220.22 1 1
github.com/isseis/go-safe-cmd-runner/internal/logging/message_formatter.go:221.23,222.24 1 1
github.com/isseis/go-safe-cmd-runner/internal/logging/message_formatter.go:223.21,224.43 1 1
github.com/isseis/go-safe-cmd-runner/internal/logging/message_formatter.go:225.25,226.35 1 1
github.com/isseis/go-safe-cmd-runner/internal/logging/message_formatter.go:227.22,230.22 2 1
github.com/isseis/go-safe-cmd-runner/internal/logging/message_formatter.go:230.22,232.4 1 1
github.com/isseis/go-safe-cmd-runner/internal/logging/message_formatter.go:233.3,234.30 2 1
github.com/isseis/go-safe-cmd-runner/internal/logging/message_formatter.go:234.30,236.4 1 1
github.com/isseis/go-safe-cmd-runner/internal/logging/message_formatter.go:237.3,237.46 1 1
github.com/isseis/go-safe-cmd-runner/internal/logging/message_formatter.go:238.10,239.24 1 1
github.com/isseis/go-safe-cmd-runner/internal/logging/message_templates.go:8.46,10.2 1 1
github.com/isseis/go-safe-cmd-runner/internal/logging/message_templates.go:48.104,52.2 1 1
github.com/isseis/go-safe-cmd-runner/internal/logging/message_templates.go:55.102,57.2 1 1
github.com/isseis/go-safe-cmd-runner/internal/logging/message_templates.go:60.83,62.2 1 1
github.com/isseis/go-safe-cmd-runner/internal/logging/multihandler.go:24.71,25.24 1 1
github.com/isseis/go-safe-cmd-runner/internal/logging/multihandler.go:25.24,27.3 1 1
github.com/isseis/go-safe-cmd-runner/internal/logging/multihandler.go:28.2,30.8 1 1
github.com/isseis/go-safe-cmd-runner/internal/logging/multihandler.go:35.76,36.37 1 1
github.com/isseis/go-safe-cmd-runner/internal/logging/multihandler.go:36.37,37.34 1 1
github.com/isseis/go-safe-cmd-runner/internal/logging/multihandler.go:37.34,39.4 1 1
github.com/isseis/go-safe-cmd-runner/internal/logging/multihandler.go:41.2,41.14 1 1
github.com/isseis/go-safe-cmd-runner/internal/logging/multihandler.go:45.73,47.37 2 1
github.com/isseis/go-safe-cmd-runner/internal/logging/multihandler.go:47.37,48.36 1 1
github.com/isseis/go-safe-cmd-runner/internal/logging/multihandler.go:48.36,49.57 1 1
github.com/isseis/go-safe-cmd-runner/internal/logging/multihandler.go:49.57,52.5 1 1
github.com/isseis/go-safe-cmd-runner/internal/logging/multihandler.go:55.2,55.17 1 1
github.com/isseis/go-safe-cmd-runner/internal/logging/multihandler.go:59.50,63.2 3 1
github.com/isseis/go-safe-cmd-runner/internal/logging/multihandler.go:66.66,68.37 2 1
github.com/isseis/go-safe-cmd-runner/internal/logging/multihandler.go:68.37,70.3 1 1
github.com/isseis/go-safe-cmd-runner/internal/logging/multihandler.go:71.2,71.45 1 1
github.com/isseis/go-safe-cmd-runner/internal/logging/multihandler.go:75.60,77.37 2 1
github.com/isseis/go-safe-cmd-runner/internal/logging/multihandler.go:77.37,79.3 1 1
github.com/isseis/go-safe-cmd-runner/internal/logging/multihandler.go:80.2,80.45 1 1
github.com/isseis/go-safe-cmd-runner/internal/logging/pre_execution_error.go:47.44,48.18 1 1
github.com/isseis/go-safe-cmd-runner/internal/logging/pre_execution_error.go:48.18,50.3 1 0
github.com/isseis/go-safe-cmd-runner/internal/logging/pre_execution_error.go:51.2,51.99 1 1
github.com/isseis/go-safe-cmd-runner/internal/logging/pre_execution_error.go:55.51,58.2 2 1
github.com/isseis/go-safe-cmd-runner/internal/logging/pre_execution_error.go:61.57,62.56 1 1
github.com/isseis/go-safe-cmd-runner/internal/logging/pre_execution_error.go:62.56,65.3 2 0
github.com/isseis/go-safe-cmd-runner/internal/logging/pre_execution_error.go:66.2,66.14 1 1
github.com/isseis/go-safe-cmd-runner/internal/logging/pre_execution_error.go:70.44,72.2 1 1
github.com/isseis/go-safe-cmd-runner/internal/logging/pre_execution_error.go:75.86,80.45 2 0
github.com/isseis/go-safe-cmd-runner/internal/logging/pre_execution_error.go:80.45,89.3 1 0
github.com/isseis/go-safe-cmd-runner/internal/logging/pre_execution_error.go:92.2,93.149 2 0
github.com/isseis/go-safe-cmd-runner/internal/logging/safeopen.go:32.42,36.2 1 1
github.com/isseis/go-safe-cmd-runner/internal/logging/safeopen.go:40.100,43.53 2 1
github.com/isseis/go-safe-cmd-runner/internal/logging/safeopen.go:43.53,45.3 1 0
github.com/isseis/go-safe-cmd-runner/internal/logging/safeopen.go:48.2,49.16 2 1
github.com/isseis/go-safe-cmd-runner/internal/logging/safeopen.go:49.16,51.3 1 1
github.com/isseis/go-safe-cmd-runner/internal/logging/safeopen.go:53.2,53.18 1 1
github.com/isseis/go-safe-cmd-runner/internal/logging/safeopen.go:57.29,60.2 2 1
github.com/isseis/go-safe-cmd-runner/internal/logging/safeopen.go:63.39,64.15 1 1
github.com/isseis/go-safe-cmd-runner/internal/logging/safeopen.go:64.15,66.3 1 1
github.com/isseis/go-safe-cmd-runner/internal/logging/safeopen.go:69.2,69.53 1 1
github.com/isseis/go-safe-cmd-runner/internal/logging/safeopen.go:69.53,71.3 1 0
github.com/isseis/go-safe-cmd-runner/internal/logging/safeopen.go:74.2,77.16 4 1
github.com/isseis/go-safe-cmd-runner/internal/logging/safeopen.go:77.16,79.3 1 1
github.com/isseis/go-safe-cmd-runner/internal/logging/safeopen.go:80.2,80.34 1 1
github.com/isseis/go-safe-cmd-runner/internal/logging/safeopen.go:80.34,82.3 1 0
github.com/isseis/go-safe-cmd-runner/internal/logging/safeopen.go:83.2,83.44 1 1
github.com/isseis/go-safe-cmd-runner/internal/logging/safeopen.go:83.44,85.3 1 0
github.com/isseis/go-safe-cmd-runner/internal/logging/safeopen.go:87.2,87.12 1 1
github.com/isseis/go-safe-cmd-runner/internal/logging/security.go:15.42,19.2 1 1
github.com/isseis/go-safe-cmd-runner/internal/logging/security.go:22.71,26.2 1 1
github.com/isseis/go-safe-cmd-runner/internal/logging/security.go:29.77,35.2 1 1
github.com/isseis/go-safe-cmd-runner/internal/logging/security.go:38.97,44.2 1 1
github.com/isseis/go-safe-cmd-runner/internal/logging/security.go:47.90,53.2 1 1
github.com/isseis/go-safe-cmd-runner/internal/logging/security.go:56.101,57.25 1 1
github.com/isseis/go-safe-cmd-runner/internal/logging/security.go:57.25,62.3 1 1
github.com/isseis/go-safe-cmd-runner/internal/logging/security.go:62.8,67.3 1 1
github.com/isseis/go-safe-cmd-runner/internal/logging/slack_handler.go:83.50,84.22 1 1
github.com/isseis/go-safe-cmd-runner/internal/logging/slack_handler.go:84.22,86.3 1 1
github.com/isseis/go-safe-cmd-runner/internal/logging/slack_handler.go:88.2,89.16 2 1
github.com/isseis/go-safe-cmd-runner/internal/logging/slack_handler.go:89.16,91.3 1 1
github.com/isseis/go-safe-cmd-runner/internal/logging/slack_handler.go:93.2,93.33 1 1
github.com/isseis/go-safe-cmd-runner/internal/logging/slack_handler.go:93.33,95.3 1 1
github.com/isseis/go-safe-cmd-runner/internal/logging/slack_handler.go:97.2,97.26 1 1
github.com/isseis/go-safe-cmd-runner/internal/logging/slack_handler.go:97.26,99.3 1 1
github.com/isseis/go-safe-cmd-runner/internal/logging/slack_handler.go:101.2,101.12 1 1
github.com/isseis/go-safe-cmd-runner/internal/logging/slack_handler.go:105.34,108.15 2 0
github.com/isseis/go-safe-cmd-runner/internal/logging/slack_handler.go:108.15,111.3 2 0
github.com/isseis/go-safe-cmd-runner/internal/logging/slack_handler.go:113.2,114.11 2 0
github.com/isseis/go-safe-cmd-runner/internal/logging/slack_handler.go:118.71,119.55 1 1
github.com/isseis/go-safe-cmd-runner/internal/logging/slack_handler.go:119.55,121.3 1 1
github.com/isseis/go-safe-cmd-runner/internal/logging/slack_handler.go:123.2,131.8 2 1
github.com/isseis/go-safe-cmd-runner/internal/logging/slack_handler.go:135.74,137.2 1 0
github.com/isseis/go-safe-cmd-runner/internal/logging/slack_handler.go:140.73,148.36 4 0
github.com/isseis/go-safe-cmd-runner/internal/logging/slack_handler.go:148.36,149.19 1 0
github.com/isseis/go-safe-cmd-runner/internal/logging/slack_handler.go:150.23,151.63 1 0
github.com/isseis/go-safe-cmd-runner/internal/logging/slack_handler.go:151.63,153.5 1 0
github.com/isseis/go-safe-cmd-runner/internal/logging/slack_handler.go:154.23,155.44 1 0
github.com/isseis/go-safe-cmd-runner/internal/logging/slack_handler.go:155.44,157.5 1 0
github.com/isseis/go-safe-cmd-runner/internal/logging/slack_handler.go:159.3,159.14 1 0
github.com/isseis/go-safe-cmd-runner/internal/logging/slack_handler.go:162.2,162.17 1 0
github.com/isseis/go-safe-cmd-runner/internal/logging/slack_handler.go:162.17,164.3 1 0
github.com/isseis/go-safe-cmd-runner/internal/logging/slack_handler.go:166.2,167.21 2 0
github.com/isseis/go-safe-cmd-runner/internal/logging/slack_handler.go:168.31,169.42 1 0
github.com/isseis/go-safe-cmd-runner/internal/logging/slack_handler.go:170.29,171.40 1 0
github.com/isseis/go-safe-cmd-runner/internal/logging/slack_handler.go:172.24,173.36 1 0
github.com/isseis/go-safe-cmd-runner/internal/logging/slack_handler.go:174.36,175.47 1 0
github.com/isseis/go-safe-cmd-runner/internal/logging/slack_handler.go:176.38,177.49 1 0
github.com/isseis/go-safe-cmd-runner/internal/logging/slack_handler.go:178.10,180.37 1 0
github.com/isseis/go-safe-cmd-runner/internal/logging/slack_handler.go:183.2,183.36 1 0
github.com/isseis/go-safe-cmd-runner/internal/logging/slack_handler.go:187.66,188.21 1 1
github.com/isseis/go-safe-cmd-runner/internal/logging/slack_handler.go:188.21,190.3 1 1
github.com/isseis/go-safe-cmd-runner/internal/logging/slack_handler.go:193.2,204.3 4 1
github.com/isseis/go-safe-cmd-runner/internal/logging/slack_handler.go:208.60,209.16 1 1
github.com/isseis/go-safe-cmd-runner/internal/logging/slack_handler.go:209.16,211.3 1 1
github.com/isseis/go-safe-cmd-runner/internal/logging/slack_handler.go:214.2,225.3 4 1
github.com/isseis/go-safe-cmd-runner/internal/logging/slack_handler.go:229.77,234.36 4 0
github.com/isseis/go-safe-cmd-runner/internal/logging/slack_handler.go:234.36,235.19 1 0
github.com/isseis/go-safe-cmd-runner/internal/logging/slack_handler.go:236.17,237.32 1 0
github.com/isseis/go-safe-cmd-runner/internal/logging/slack_handler.go:238.16,239.31 1 0
github.com/isseis/go-safe-cmd-runner/internal/logging/slack_handler.go:240.18,241.33 1 0
github.com/isseis/go-safe-cmd-runner/internal/logging/slack_handler.go:242.20,243.43 1 0
github.com/isseis/go-safe-cmd-runner/internal/logging/slack_handler.go:243.43,245.5 1 0
github.com/isseis/go-safe-cmd-runner/internal/logging/slack_handler.go:246.22,247.43 1 0
github.com/isseis/go-safe-cmd-runner/internal/logging/slack_handler.go:247.43,249.5 1 0
github.com/isseis/go-safe-cmd-runner/internal/logging/slack_handler.go:250.17,251.32 1 0
github.com/isseis/go-safe-cmd-runner/internal/logging/slack_handler.go:253.3,253.14 1 0
github.com/isseis/go-safe-cmd-runner/internal/logging/slack_handler.go:256.2,258.16 3 0
github.com/isseis/go-safe-cmd-runner/internal/logging/slack_handler.go:259.17,261.20 2 0
github.com/isseis/go-safe-cmd-runner/internal/logging/slack_handler.go:262.15,264.20 2 0
github.com/isseis/go-safe-cmd-runner/internal/logging/slack_handler.go:265.10,267.23 2 0
github.com/isseis/go-safe-cmd-runner/internal/logging/slack_handler.go:271.2,271.35 1 0
github.com/isseis/go-safe-cmd-runner/internal/logging/slack_handler.go:271.35,275.3 3 0
github.com/isseis/go-safe-cmd-runner/internal/logging/slack_handler.go:277.2,310.18 3 0
github.com/isseis/go-safe-cmd-runner/internal/logging/slack_handler.go:310.18,316.3 1 0
github.com/isseis/go-safe-cmd-runner/internal/logging/slack_handler.go:318.2,318.16 1 0
github.com/isseis/go-safe-cmd-runner/internal/logging/slack_handler.go:322.75,325.36 2 0
github.com/isseis/go-safe-cmd-runner/internal/logging/slack_handler.go:325.36,326.19 1 0
github.com/isseis/go-safe-cmd-runner/internal/logging/slack_handler.go:327.21,328.35 1 0
github.com/isseis/go-safe-cmd-runner/internal/logging/slack_handler.go:329.24,330.34 1 0
github.com/isseis/go-safe-cmd-runner/internal/logging/slack_handler.go:331.20,332.35 1 0
github.com/isseis/go-safe-cmd-runner/internal/logging/slack_handler.go:334.3,334.14 1 0
github.com/isseis/go-safe-cmd-runner/internal/logging/slack_handler.go:337.2,370.16 3 0
github.com/isseis/go-safe-cmd-runner/internal/logging/slack_handler.go:374.71,377.36 2 0
github.com/isseis/go-safe-cmd-runner/internal/logging/slack_handler.go:377.36,378.19 1 0
github.com/isseis/go-safe-cmd-runner/internal/logging/slack_handler.go:379.21,380.35 1 0
github.com/isseis/go-safe-cmd-runner/internal/logging/slack_handler.go:381.19,382.34 1 0
github.com/isseis/go-safe-cmd-runner/internal/logging/slack_handler.go:383.18,384.33 1 0
github.com/isseis/go-safe-cmd-runner/internal/logging/slack_handler.go:386.3,386.14 1 0
github.com/isseis/go-safe-cmd-runner/internal/logging/slack_handler.go:389.2,390.18 2 0
github.com/isseis/go-safe-cmd-runner/internal/logging/slack_handler.go:391.18,392.22 1 0
github.com/isseis/go-safe-cmd-runner/internal/logging/slack_handler.go:393.14,394.23 1 0
github.com/isseis/go-safe-cmd-runner/internal/logging/slack_handler.go:397.2,435.16 3 0
github.com/isseis/go-safe-cmd-runner/internal/logging/slack_handler.go:439.82,443.36 3 0
github.com/isseis/go-safe-cmd-runner/internal/logging/slack_handler.go:443.36,444.19 1 0
github.com/isseis/go-safe-cmd-runner/internal/logging/slack_handler.go:445.23,446.37 1 0
github.com/isseis/go-safe-cmd-runner/internal/logging/slack_handler.go:447.23,448.37 1 0
github.com/isseis/go-safe-cmd-runner/internal/logging/slack_handler.go:449.17,450.32 1 0
github.com/isseis/go-safe-cmd-runner/internal/logging/slack_handler.go:451.20,452.43 1 0
github.com/isseis/go-safe-cmd-runner/internal/logging/slack_handler.go:452.43,454.5 1 0
github.com/isseis/go-safe-cmd-runner/internal/logging/slack_handler.go:456.3,456.14 1 0
github.com/isseis/go-safe-cmd-runner/internal/logging/slack_handler.go:460.2,460.35 1 0
github.com/isseis/go-safe-cmd-runner/internal/logging/slack_handler.go:460.35,464.3 3 0
github.com/isseis/go-safe-cmd-runner/internal/logging/slack_handler.go:466.2,504.16 3 0
github.com/isseis/go-safe-cmd-runner/internal/logging/slack_handler.go:508.84,512.36 3 0
github.com/isseis/go-safe-cmd-runner/internal/logging/slack_handler.go:512.36,513.19 1 0
github.com/isseis/go-safe-cmd-runner/internal/logging/slack_handler.go:514.20,515.35 1 0
github.com/isseis/go-safe-cmd-runner/internal/logging/slack_handler.go:516.23,517.37 1 0
github.com/isseis/go-safe-cmd-runner/internal/logging/slack_handler.go:518.23,519.43 1 0
github.com/isseis/go-safe-cmd-runner/internal/logging/slack_handler.go:519.43,521.5 1 0
github.com/isseis/go-safe-cmd-runner/internal/logging/slack_handler.go:522.21,523.43 1 0
github.com/isseis/go-safe-cmd-runner/internal/logging/slack_handler.go:523.43,525.5 1 0
github.com/isseis/go-safe-cmd-runner/internal/logging/slack_handler.go:527.3,527.14 1 0
github.com/isseis/go-safe-cmd-runner/internal/logging/slack_handler.go:530.2,573.16 3 0
github.com/isseis/go-safe-cmd-runner/internal/logging/slack_handler.go:577.72,581.2 1 0
github.com/isseis/go-safe-cmd-runner/internal/logging/slack_handler.go:586.78,588.23 2 0
github.com/isseis/go-safe-cmd-runner/internal/logging/slack_handler.go:588.23,591.3 1 0
github.com/isseis/go-safe-cmd-runner/internal/logging/slack_handler.go:592.2,592.18 1 0
github.com/isseis/go-safe-cmd-runner/internal/logging/slack_handler.go:596.85,598.16 2 0
github.com/isseis/go-safe-cmd-runner/internal/logging/slack_handler.go:598.16,601.3 2 0
github.com/isseis/go-safe-cmd-runner/internal/logging/slack_handler.go:603.2,608.53 4 0
github.com/isseis/go-safe-cmd-runner/internal/logging/slack_handler.go:608.53,609.18 1 0
github.com/isseis/go-safe-cmd-runner/internal/logging/slack_handler.go:609.18,613.11 3 0
github.com/isseis/go-safe-cmd-runner/internal/logging/slack_handler.go:614.22,615.21 1 0
github.com/isseis/go-safe-cmd-runner/internal/logging/slack_handler.go:616.31,616.31 0 0
github.com/isseis/go-safe-cmd-runner/internal/logging/slack_handler.go:620.3,621.17 2 0
github.com/isseis/go-safe-cmd-runner/internal/logging/slack_handler.go:621.17,624.12 3 0
github.com/isseis/go-safe-cmd-runner/internal/logging/slack_handler.go:627.3,630.17 3 0
github.com/isseis/go-safe-cmd-runner/internal/logging/slack_handler.go:630.17,633.12 3 0
github.com/isseis/go-safe-cmd-runner/internal/logging/slack_handler.go:636.3,637.43 2 0
github.com/isseis/go-safe-cmd-runner/internal/logging/slack_handler.go:637.43,639.4 1 0
github.com/isseis/go-safe-cmd-runner/internal/logging/slack_handler.go:641.3,641.44 1 0
github.com/isseis/go-safe-cmd-runner/internal/logging/slack_handler.go:641.44,644.4 2 0
github.com/isseis/go-safe-cmd-runner/internal/logging/slack_handler.go:646.3,646.45 1 0
github.com/isseis/go-safe-cmd-runner/internal/logging/slack_handler.go:646.45,649.12 3 0
github.com/isseis/go-safe-cmd-runner/internal/logging/slack_handler.go:653.3,654.58 2 0
github.com/isseis/go-safe-cmd-runner/internal/logging/slack_handler.go:657.2,658.102 2 0
github.com/isseis/go-safe-cmd-runner/internal/logging/slack_handler.go:662.75,663.45 1 1
github.com/isseis/go-safe-cmd-runner/internal/logging/slack_handler.go:663.45,665.3 1 0
github.com/isseis/go-safe-cmd-runner/internal/logging/slack_handler.go:668.2,672.42 3 1
github.com/isseis/go-safe-cmd-runner/internal/logging/slack_handler.go:672.42,674.22 2 1
github.com/isseis/go-safe-cmd-runner/internal/logging/slack_handler.go:674.22,677.38 2 1
github.com/isseis/go-safe-cmd-runner/internal/logging/slack_handler.go:677.38,679.5 1 1
github.com/isseis/go-safe-cmd-runner/internal/logging/slack_handler.go:681.4,681.67 1 1
github.com/isseis/go-safe-cmd-runner/internal/logging/slack_handler.go:686.2,686.36 1 1
github.com/isseis/go-safe-cmd-runner/internal/logging/slack_handler.go:686.36,688.3 1 1
github.com/isseis/go-safe-cmd-runner/internal/logging/slack_handler.go:691.2,691.36 1 1
github.com/isseis/go-safe-cmd-runner/internal/logging/slack_handler.go:691.36,694.3 2 1
github.com/isseis/go-safe-cmd-runner/internal/logging/slack_handler.go:696.2,696.18 1 1
github.com/isseis/go-safe-cmd-runner/internal/redaction/redactor.go:25.30,32.2 1 1
github.com/isseis/go-safe-cmd-runner/internal/redaction/redactor.go:35.49,36.16 1 1
github.com/isseis/go-safe-cmd-runner/internal/redaction/redactor.go:36.16,38.3 1 1
github.com/isseis/go-safe-cmd-runner/internal/redaction/redactor.go:40.2,43.41 2 1
github.com/isseis/go-safe-cmd-runner/internal/redaction/redactor.go:43.41,45.3 1 1
github.com/isseis/go-safe-cmd-runner/internal/redaction/redactor.go:47.2,47.15 1 1
github.com/isseis/go-safe-cmd-runner/internal/redaction/redactor.go:51.63,56.36 3 1
github.com/isseis/go-safe-cmd-runner/internal/redaction/redactor.go:56.36,58.3 1 1
github.com/isseis/go-safe-cmd-runner/internal/redaction/redactor.go:61.2,61.37 1 1
github.com/isseis/go-safe-cmd-runner/internal/redaction/redactor.go:61.37,63.44 2 1
github.com/isseis/go-safe-cmd-runner/internal/redaction/redactor.go:63.44,65.4 1 1
github.com/isseis/go-safe-cmd-runner/internal/redaction/redactor.go:69.2,69.36 1 1
github.com/isseis/go-safe-cmd-runner/internal/redaction/redactor.go:69.36,72.40 3 1
github.com/isseis/go-safe-cmd-runner/internal/redaction/redactor.go:72.40,74.4 1 1
github.com/isseis/go-safe-cmd-runner/internal/redaction/redactor.go:75.3,75.76 1 1
github.com/isseis/go-safe-cmd-runner/internal/redaction/redactor.go:78.2,78.13 1 1
github.com/isseis/go-safe-cmd-runner/internal/redaction/redactor.go:82.81,83.32 1 1
github.com/isseis/go-safe-cmd-runner/internal/redaction/redactor.go:83.32,86.3 1 1
github.com/isseis/go-safe-cmd-runner/internal/redaction/redactor.go:87.2,87.32 1 1
github.com/isseis/go-safe-cmd-runner/internal/redaction/redactor.go:87.32,90.3 1 1
github.com/isseis/go-safe-cmd-runner/internal/redaction/redactor.go:92.2,92.66 1 1
github.com/isseis/go-safe-cmd-runner/internal/redaction/redactor.go:96.89,103.16 4 1
github.com/isseis/go-safe-cmd-runner/internal/redaction/redactor.go:103.16,106.3 1 0
github.com/isseis/go-safe-cmd-runner/internal/redaction/redactor.go:109.2,109.65 1 1
github.com/isseis/go-safe-cmd-runner/internal/redaction/redactor.go:109.65,112.30 2 1
github.com/isseis/go-safe-cmd-runner/internal/redaction/redactor.go:112.30,114.4 1 0
github.com/isseis/go-safe-cmd-runner/internal/redaction/redactor.go:116.3,117.39 2 1
github.com/isseis/go-safe-cmd-runner/internal/redaction/redactor.go:123.89,130.16 4 1
github.com/isseis/go-safe-cmd-runner/internal/redaction/redactor.go:130.16,133.3 1 0
github.com/isseis/go-safe-cmd-runner/internal/redaction/redactor.go:136.2,136.65 1 1
github.com/isseis/go-safe-cmd-runner/internal/redaction/redactor.go:136.65,140.41 3 1
github.com/isseis/go-safe-cmd-runner/internal/redaction/redactor.go:140.41,142.4 1 0
github.com/isseis/go-safe-cmd-runner/internal/redaction/redactor.go:144.3,148.61 4 1
github.com/isseis/go-safe-cmd-runner/internal/redaction/redactor.go:153.88,159.32 3 1
github.com/isseis/go-safe-cmd-runner/internal/redaction/redactor.go:159.32,162.3 1 1
github.com/isseis/go-safe-cmd-runner/internal/redaction/redactor.go:162.8,165.3 1 1
github.com/isseis/go-safe-cmd-runner/internal/redaction/redactor.go:167.2,168.16 2 1
github.com/isseis/go-safe-cmd-runner/internal/redaction/redactor.go:168.16,171.3 1 0
github.com/isseis/go-safe-cmd-runner/internal/redaction/redactor.go:174.2,174.65 1 1
github.com/isseis/go-safe-cmd-runner/internal/redaction/redactor.go:174.65,177.41 3 1
github.com/isseis/go-safe-cmd-runner/internal/redaction/redactor.go:177.41,179.4 1 0
github.com/isseis/go-safe-cmd-runner/internal/redaction/redactor.go:181.3,181.33 1 1
github.com/isseis/go-safe-cmd-runner/internal/redaction/redactor.go:181.33,185.4 2 1
github.com/isseis/go-safe-cmd-runner/internal/redaction/redactor.go:187.3,189.44 3 1
github.com/isseis/go-safe-cmd-runner/internal/redaction/redactor.go:200.82,201.19 1 1
github.com/isseis/go-safe-cmd-runner/internal/redaction/redactor.go:201.19,203.3 1 1
github.com/isseis/go-safe-cmd-runner/internal/redaction/redactor.go:204.2,207.3 1 1
github.com/isseis/go-safe-cmd-runner/internal/redaction/redactor.go:211.80,213.2 1 1
github.com/isseis/go-safe-cmd-runner/internal/redaction/redactor.go:216.51,218.2 1 1
github.com/isseis/go-safe-cmd-runner/internal/redaction/redactor.go:221.82,225.41 2 1
github.com/isseis/go-safe-cmd-runner/internal/redaction/redactor.go:225.41,229.3 3 1
github.com/isseis/go-safe-cmd-runner/internal/redaction/redactor.go:231.2,231.41 1 1
github.com/isseis/go-safe-cmd-runner/internal/redaction/redactor.go:235.70,237.29 2 1
github.com/isseis/go-safe-cmd-runner/internal/redaction/redactor.go:237.29,239.3 1 1
github.com/isseis/go-safe-cmd-runner/internal/redaction/redactor.go:240.2,243.3 1 1
github.com/isseis/go-safe-cmd-runner/internal/redaction/redactor.go:247.64,252.2 1 1
github.com/isseis/go-safe-cmd-runner/internal/redaction/sensitive_patterns.go:20.132,21.27 1 1
github.com/isseis/go-safe-cmd-runner/internal/redaction/sensitive_patterns.go:21.27,23.3 1 0
github.com/isseis/go-safe-cmd-runner/internal/redaction/sensitive_patterns.go:25.2,29.91 2 1
github.com/isseis/go-safe-cmd-runner/internal/redaction/sensitive_patterns.go:29.91,31.3 1 1
github.com/isseis/go-safe-cmd-runner/internal/redaction/sensitive_patterns.go:33.2,33.22 1 1
github.com/isseis/go-safe-cmd-runner/internal/redaction/sensitive_patterns.go:37.52,85.16 5 1
github.com/isseis/go-safe-cmd-runner/internal/redaction/sensitive_patterns.go:85.16,87.77 1 0
github.com/isseis/go-safe-cmd-runner/internal/redaction/sensitive_patterns.go:89.2,89.17 1 1
github.com/isseis/go-safe-cmd-runner/internal/redaction/sensitive_patterns.go:94.103,98.33 3 1
github.com/isseis/go-safe-cmd-runner/internal/redaction/sensitive_patterns.go:98.33,103.17 3 1
github.com/isseis/go-safe-cmd-runner/internal/redaction/sensitive_patterns.go:103.17,105.4 1 1
github.com/isseis/go-safe-cmd-runner/internal/redaction/sensitive_patterns.go:106.3,106.42 1 1
github.com/isseis/go-safe-cmd-runner/internal/redaction/sensitive_patterns.go:109.2,111.29 2 1
github.com/isseis/go-safe-cmd-runner/internal/redaction/sensitive_patterns.go:111.29,116.17 3 1
github.com/isseis/go-safe-cmd-runner/internal/redaction/sensitive_patterns.go:116.17,118.4 1 0
github.com/isseis/go-safe-cmd-runner/internal/redaction/sensitive_patterns.go:119.3,119.38 1 1
github.com/isseis/go-safe-cmd-runner/internal/redaction/sensitive_patterns.go:122.2,122.12 1 1
github.com/isseis/go-safe-cmd-runner/internal/redaction/sensitive_patterns.go:126.62,128.2 1 1
github.com/isseis/go-safe-cmd-runner/internal/redaction/sensitive_patterns.go:131.66,133.2 1 1
github.com/isseis/go-safe-cmd-runner/internal/redaction/sensitive_patterns.go:136.66,140.34 2 1
github.com/isseis/go-safe-cmd-runner/internal/redaction/sensitive_patterns.go:140.34,142.3 1 1
github.com/isseis/go-safe-cmd-runner/internal/redaction/sensitive_patterns.go:143.2,143.56 1 1
github.com/isseis/go-safe-cmd-runner/internal/redaction/sensitive_patterns.go:147.41,168.2 1 1
github.com/isseis/go-safe-cmd-runner/internal/runner/audit/logger.go:22.31,24.2 1 1
github.com/isseis/go-safe-cmd-runner/internal/runner/audit/logger.go:28.60,30.2 1 1
github.com/isseis/go-safe-cmd-runner/internal/runner/audit/logger.go:52.3,72.27 2 1
github.com/isseis/go-safe-cmd-runner/internal/runner/audit/logger.go:72.27,74.3 1 1
github.com/isseis/go-safe-cmd-runner/internal/runner/audit/logger.go:75.2,75.28 1 1
github.com/isseis/go-safe-cmd-runner/internal/runner/audit/logger.go:75.28,77.3 1 1
github.com/isseis/go-safe-cmd-runner/internal/runner/audit/logger.go:80.2,80.32 1 1
github.com/isseis/go-safe-cmd-runner/internal/runner/audit/logger.go:80.32,82.3 1 0
github.com/isseis/go-safe-cmd-runner/internal/runner/audit/logger.go:84.2,84.26 1 1
github.com/isseis/go-safe-cmd-runner/internal/runner/audit/logger.go:84.26,86.3 1 1
github.com/isseis/go-safe-cmd-runner/internal/runner/audit/logger.go:86.8,98.3 5 1
github.com/isseis/go-safe-cmd-runner/internal/runner/audit/logger.go:110.3,124.13 2 1
github.com/isseis/go-safe-cmd-runner/internal/runner/audit/logger.go:124.13,126.3 1 1
github.com/isseis/go-safe-cmd-runner/internal/runner/audit/logger.go:126.8,135.3 3 0
github.com/isseis/go-safe-cmd-runner/internal/runner/audit/logger.go:145.3,159.34 2 1
github.com/isseis/go-safe-cmd-runner/internal/runner/audit/logger.go:159.34,161.3 1 1
github.com/isseis/go-safe-cmd-runner/internal/runner/audit/logger.go:164.2,165.23 2 1
github.com/isseis/go-safe-cmd-runner/internal/runner/audit/logger.go:165.23,170.3 1 1
github.com/isseis/go-safe-cmd-runner/internal/runner/audit/logger.go:172.2,172.18 1 1
github.com/isseis/go-safe-cmd-runner/internal/runner/audit/logger.go:173.26,174.70 1 1
github.com/isseis/go-safe-cmd-runner/internal/runner/audit/logger.go:175.16,176.69 1 0
github.com/isseis/go-safe-cmd-runner/internal/runner/audit/logger.go:177.10,178.69 1 1
github.com/isseis/go-safe-cmd-runner/internal/runner/audit/logger.go:189.3,203.26 2 1
github.com/isseis/go-safe-cmd-runner/internal/runner/audit/logger.go:203.26,205.3 1 1
github.com/isseis/go-safe-cmd-runner/internal/runner/audit/logger.go:208.2,209.23 2 1
github.com/isseis/go-safe-cmd-runner/internal/runner/audit/logger.go:210.37,211.29 1 1
github.com/isseis/go-safe-cmd-runner/internal/runner/audit/logger.go:212.33,213.28 1 1
github.com/isseis/go-safe-cmd-runner/internal/runner/audit/logger.go:214.35,215.28 1 1
github.com/isseis/go-safe-cmd-runner/internal/runner/audit/logger.go:216.10,217.29 1 1
github.com/isseis/go-safe-cmd-runner/internal/runner/audit/logger.go:220.2,220.68 1 1
github.com/isseis/go-safe-cmd-runner/internal/runner/audit/statistics.go:27.42,33.2 1 1
github.com/isseis/go-safe-cmd-runner/internal/runner/audit/statistics.go:36.115,44.37 5 1
github.com/isseis/go-safe-cmd-runner/internal/runner/audit/statistics.go:44.37,45.19 1 1
github.com/isseis/go-safe-cmd-runner/internal/runner/audit/statistics.go:45.19,47.4 1 1
github.com/isseis/go-safe-cmd-runner/internal/runner/audit/statistics.go:51.2,51.40 1 1
github.com/isseis/go-safe-cmd-runner/internal/runner/audit/statistics.go:51.40,53.3 1 1
github.com/isseis/go-safe-cmd-runner/internal/runner/audit/statistics.go:54.2,54.49 1 1
github.com/isseis/go-safe-cmd-runner/internal/runner/audit/statistics.go:58.46,62.2 3 1
github.com/isseis/go-safe-cmd-runner/internal/runner/audit/statistics.go:65.77,71.2 3 1
github.com/isseis/go-safe-cmd-runner/internal/runner/audit/statistics.go:74.73,80.48 4 1
github.com/isseis/go-safe-cmd-runner/internal/runner/audit/statistics.go:80.48,85.3 1 1
github.com/isseis/go-safe-cmd-runner/internal/runner/audit/statistics.go:88.2,88.42 1 1
github.com/isseis/go-safe-cmd-runner/internal/runner/audit/statistics.go:88.42,89.43 1 1
github.com/isseis/go-safe-cmd-runner/internal/runner/audit/statistics.go:89.43,91.4 1 1
github.com/isseis/go-safe-cmd-runner/internal/runner/audit/statistics.go:92.3,92.47 1 1
github.com/isseis/go-safe-cmd-runner/internal/runner/audit/statistics.go:96.2,96.39 1 1
github.com/isseis/go-safe-cmd-runner/internal/runner/audit/statistics.go:96.39,98.3 1 0
github.com/isseis/go-safe-cmd-runner/internal/runner/audit/statistics.go:99.2,99.16 1 1
github.com/isseis/go-safe-cmd-runner/internal/runner/audit/statistics.go:103.91,108.59 4 1
github.com/isseis/go-safe-cmd-runner/internal/runner/audit/statistics.go:108.59,109.27 1 1
github.com/isseis/go-safe-cmd-runner/internal/runner/audit/statistics.go:109.27,111.4 1 1
github.com/isseis/go-safe-cmd-runner/internal/runner/audit/statistics.go:112.3,112.25 1 1
github.com/isseis/go-safe-cmd-runner/internal/runner/audit/statistics.go:114.2,114.17 1 1
github.com/isseis/go-safe-cmd-runner/internal/runner/cli/output.go:8.79,9.15 1 1
github.com/isseis/go-safe-cmd-runner/internal/runner/cli/output.go:10.17,11.42 1 1
github.com/isseis/go-safe-cmd-runner/internal/runner/cli/output.go:12.18,13.43 1 1
github.com/isseis/go-safe-cmd-runner/internal/runner/cli/output.go:14.14,15.39 1 1
github.com/isseis/go-safe-cmd-runner/internal/runner/cli/output.go:16.10,17.60 1 1
github.com/isseis/go-safe-cmd-runner/internal/runner/cli/output.go:22.76,23.16 1 1
github.com/isseis/go-safe-cmd-runner/internal/runner/cli/output.go:24.14,25.40 1 1
github.com/isseis/go-safe-cmd-runner/internal/runner/cli/output.go:26.14,27.40 1 1
github.com/isseis/go-safe-cmd-runner/internal/runner/cli/output.go:28.10,29.59 1 1
github.com/isseis/go-safe-cmd-runner/internal/runner/cli/validation.go:20.63,24.16 3 1
github.com/isseis/go-safe-cmd-runner/internal/runner/cli/validation.go:24.16,26.3 1 0
github.com/isseis/go-safe-cmd-runner/internal/runner/cli/validation.go:29.2,30.16 2 1
github.com/isseis/go-safe-cmd-runner/internal/runner/cli/validation.go:30.16,32.3 1 0
[...]
github.com/isseis/go-safe-cmd-runner/internal/safefileio/safe_file.go:598.60,600.3 1 0
github.com/isseis/go-safe-cmd-runner/internal/safefileio/safe_file.go:602.2,602.18 1 1
github.com/isseis/go-safe-cmd-runner/internal/verification/errors.go:39.49,41.2 1 1
github.com/isseis/go-safe-cmd-runner/internal/verification/errors.go:52.105,63.2 1 1
github.com/isseis/go-safe-cmd-runner/internal/verification/errors.go:66.53,69.2 1 1
github.com/isseis/go-safe-cmd-runner/internal/verification/errors.go:79.32,80.18 1 1
github.com/isseis/go-safe-cmd-runner/internal/verification/errors.go:80.18,82.3 1 1
github.com/isseis/go-safe-cmd-runner/internal/verification/errors.go:83.2,83.65 1 1
github.com/isseis/go-safe-cmd-runner/internal/verification/errors.go:87.32,89.2 1 1
github.com/isseis/go-safe-cmd-runner/internal/verification/errors.go:92.39,94.2 1 1
github.com/isseis/go-safe-cmd-runner/internal/verification/errors.go:111.44,112.19 1 1
github.com/isseis/go-safe-cmd-runner/internal/verification/errors.go:112.19,114.3 1 1
github.com/isseis/go-safe-cmd-runner/internal/verification/errors.go:115.2,115.65 1 1
github.com/isseis/go-safe-cmd-runner/internal/verification/errors.go:119.44,121.2 1 1
github.com/isseis/go-safe-cmd-runner/internal/verification/errors.go:124.51,126.2 1 1
github.com/isseis/go-safe-cmd-runner/internal/verification/manager.go:31.78,37.57 2 1
github.com/isseis/go-safe-cmd-runner/internal/verification/manager.go:37.57,39.3 1 1
github.com/isseis/go-safe-cmd-runner/internal/verification/manager.go:42.2,43.16 2 1
github.com/isseis/go-safe-cmd-runner/internal/verification/manager.go:43.16,52.3 2 1
github.com/isseis/go-safe-cmd-runner/internal/verification/manager.go:54.2,59.21 2 1
github.com/isseis/go-safe-cmd-runner/internal/verification/manager.go:63.67,69.57 2 1
github.com/isseis/go-safe-cmd-runner/internal/verification/manager.go:69.57,71.3 1 1
github.com/isseis/go-safe-cmd-runner/internal/verification/manager.go:74.2,74.62 1 1
github.com/isseis/go-safe-cmd-runner/internal/verification/manager.go:74.62,83.3 2 1
github.com/isseis/go-safe-cmd-runner/internal/verification/manager.go:85.2,89.12 2 1
github.com/isseis/go-safe-cmd-runner/internal/verification/manager.go:93.49,94.23 1 1
github.com/isseis/go-safe-cmd-runner/internal/verification/manager.go:94.23,96.3 1 1
github.com/isseis/go-safe-cmd-runner/internal/verification/manager.go:99.2,99.49 1 1
github.com/isseis/go-safe-cmd-runner/internal/verification/manager.go:99.49,105.3 2 1
github.com/isseis/go-safe-cmd-runner/internal/verification/manager.go:108.2,108.75 1 1
github.com/isseis/go-safe-cmd-runner/internal/verification/manager.go:108.75,110.3 1 1
github.com/isseis/go-safe-cmd-runner/internal/verification/manager.go:112.2,112.12 1 1
github.com/isseis/go-safe-cmd-runner/internal/verification/manager.go:117.56,118.50 1 1
github.com/isseis/go-safe-cmd-runner/internal/verification/manager.go:118.50,124.3 1 1
github.com/isseis/go-safe-cmd-runner/internal/verification/manager.go:125.2,125.12 1 1
github.com/isseis/go-safe-cmd-runner/internal/verification/manager.go:129.96,130.26 1 1
github.com/isseis/go-safe-cmd-runner/internal/verification/manager.go:130.26,132.3 1 1
github.com/isseis/go-safe-cmd-runner/internal/verification/manager.go:135.2,135.57 1 1
github.com/isseis/go-safe-cmd-runner/internal/verification/manager.go:135.57,137.3 1 1
github.com/isseis/go-safe-cmd-runner/internal/verification/manager.go:139.2,146.15 3 1
github.com/isseis/go-safe-cmd-runner/internal/verification/manager.go:146.15,148.3 1 1
github.com/isseis/go-safe-cmd-runner/internal/verification/manager.go:151.2,151.27 1 1
github.com/isseis/go-safe-cmd-runner/internal/verification/manager.go:151.27,153.3 1 1
github.com/isseis/go-safe-cmd-runner/internal/verification/manager.go:155.2,155.61 1 1
github.com/isseis/go-safe-cmd-runner/internal/verification/manager.go:155.61,157.41 1 0
github.com/isseis/go-safe-cmd-runner/internal/verification/manager.go:157.41,161.12 3 0
github.com/isseis/go-safe-cmd-runner/internal/verification/manager.go:165.3,165.60 1 0
github.com/isseis/go-safe-cmd-runner/internal/verification/manager.go:165.60,170.4 2 0
github.com/isseis/go-safe-cmd-runner/internal/verification/manager.go:170.9,172.4 1 0
github.com/isseis/go-safe-cmd-runner/internal/verification/manager.go:175.2,175.33 1 1
github.com/isseis/go-safe-cmd-runner/internal/verification/manager.go:175.33,189.3 2 0
github.com/isseis/go-safe-cmd-runner/internal/verification/manager.go:191.2,191.20 1 1
github.com/isseis/go-safe-cmd-runner/internal/verification/manager.go:195.87,196.22 1 1
github.com/isseis/go-safe-cmd-runner/internal/verification/manager.go:196.22,198.3 1 1
github.com/isseis/go-safe-cmd-runner/internal/verification/manager.go:201.2,201.57 1 1
github.com/isseis/go-safe-cmd-runner/internal/verification/manager.go:201.57,203.3 1 1
github.com/isseis/go-safe-cmd-runner/internal/verification/manager.go:206.2,215.15 4 1
github.com/isseis/go-safe-cmd-runner/internal/verification/manager.go:215.15,217.3 1 1
github.com/isseis/go-safe-cmd-runner/internal/verification/manager.go:219.2,219.29 1 1
github.com/isseis/go-safe-cmd-runner/internal/verification/manager.go:219.29,220.37 1 0
github.com/isseis/go-safe-cmd-runner/internal/verification/manager.go:220.37,225.12 3 0
github.com/isseis/go-safe-cmd-runner/internal/verification/manager.go:229.3,229.56 1 0
github.com/isseis/go-safe-cmd-runner/internal/verification/manager.go:229.56,235.4 2 0
github.com/isseis/go-safe-cmd-runner/internal/verification/manager.go:235.9,237.4 1 0
github.com/isseis/go-safe-cmd-runner/internal/verification/manager.go:240.2,240.33 1 1
github.com/isseis/go-safe-cmd-runner/internal/verification/manager.go:240.33,251.3 1 0
github.com/isseis/go-safe-cmd-runner/internal/verification/manager.go:253.2,253.20 1 1
github.com/isseis/go-safe-cmd-runner/internal/verification/manager.go:257.60,259.28 1 1
github.com/isseis/go-safe-cmd-runner/internal/verification/manager.go:259.28,261.3 1 1
github.com/isseis/go-safe-cmd-runner/internal/verification/manager.go:263.2,263.27 1 1
github.com/isseis/go-safe-cmd-runner/internal/verification/manager.go:263.27,265.3 1 0
github.com/isseis/go-safe-cmd-runner/internal/verification/manager.go:266.2,266.52 1 1
github.com/isseis/go-safe-cmd-runner/internal/verification/manager.go:270.98,271.22 1 1
github.com/isseis/go-safe-cmd-runner/internal/verification/manager.go:271.22,273.3 1 1
github.com/isseis/go-safe-cmd-runner/internal/verification/manager.go:276.2,282.45 2 1
github.com/isseis/go-safe-cmd-runner/internal/verification/manager.go:282.45,284.3 1 1
github.com/isseis/go-safe-cmd-runner/internal/verification/manager.go:287.2,287.27 1 1
github.com/isseis/go-safe-cmd-runner/internal/verification/manager.go:287.27,288.46 1 1
github.com/isseis/go-safe-cmd-runner/internal/verification/manager.go:288.46,293.18 2 0
github.com/isseis/go-safe-cmd-runner/internal/verification/manager.go:293.18,298.13 2 0
github.com/isseis/go-safe-cmd-runner/internal/verification/manager.go:300.4,300.38 1 0
github.com/isseis/go-safe-cmd-runner/internal/verification/manager.go:304.2,304.16 1 1
github.com/isseis/go-safe-cmd-runner/internal/verification/manager.go:308.63,309.27 1 1
github.com/isseis/go-safe-cmd-runner/internal/verification/manager.go:309.27,311.3 1 1
github.com/isseis/go-safe-cmd-runner/internal/verification/manager.go:314.2,315.16 2 1
github.com/isseis/go-safe-cmd-runner/internal/verification/manager.go:315.16,317.3 1 1
github.com/isseis/go-safe-cmd-runner/internal/verification/manager.go:320.2,320.69 1 1
github.com/isseis/go-safe-cmd-runner/internal/verification/manager.go:320.69,322.3 1 0
github.com/isseis/go-safe-cmd-runner/internal/verification/manager.go:324.2,324.26 1 1
github.com/isseis/go-safe-cmd-runner/internal/verification/manager.go:329.65,330.28 1 1
github.com/isseis/go-safe-cmd-runner/internal/verification/manager.go:330.28,333.3 1 1
github.com/isseis/go-safe-cmd-runner/internal/verification/manager.go:334.2,334.41 1 1
github.com/isseis/go-safe-cmd-runner/internal/verification/manager.go:339.82,340.28 1 1
github.com/isseis/go-safe-cmd-runner/internal/verification/manager.go:340.28,344.3 1 1
github.com/isseis/go-safe-cmd-runner/internal/verification/manager.go:345.2,345.48 1 1
github.com/isseis/go-safe-cmd-runner/internal/verification/manager.go:350.86,353.33 2 1
github.com/isseis/go-safe-cmd-runner/internal/verification/manager.go:353.33,355.3 1 1
github.com/isseis/go-safe-cmd-runner/internal/verification/manager.go:358.2,358.19 1 1
github.com/isseis/go-safe-cmd-runner/internal/verification/manager.go:358.19,360.3 1 1
github.com/isseis/go-safe-cmd-runner/internal/verification/manager.go:361.2,361.19 1 1
github.com/isseis/go-safe-cmd-runner/internal/verification/manager.go:361.19,363.3 1 1
github.com/isseis/go-safe-cmd-runner/internal/verification/manager.go:366.2,366.67 1 1
github.com/isseis/go-safe-cmd-runner/internal/verification/manager.go:366.67,368.3 1 1
github.com/isseis/go-safe-cmd-runner/internal/verification/manager.go:370.2,378.31 2 1
github.com/isseis/go-safe-cmd-runner/internal/verification/manager.go:378.31,382.17 3 1
github.com/isseis/go-safe-cmd-runner/internal/verification/manager.go:382.17,384.4 1 0
github.com/isseis/go-safe-cmd-runner/internal/verification/manager.go:388.2,390.16 3 1
github.com/isseis/go-safe-cmd-runner/internal/verification/manager.go:390.16,392.3 1 0
github.com/isseis/go-safe-cmd-runner/internal/verification/manager.go:396.2,397.36 2 1
github.com/isseis/go-safe-cmd-runner/internal/verification/manager.go:397.36,399.3 1 1
github.com/isseis/go-safe-cmd-runner/internal/verification/manager.go:399.8,401.3 1 1
github.com/isseis/go-safe-cmd-runner/internal/verification/manager.go:403.2,406.21 3 1
github.com/isseis/go-safe-cmd-runner/internal/verification/manager.go:410.86,412.94 1 1
github.com/isseis/go-safe-cmd-runner/internal/verification/manager.go:412.94,413.64 1 1
github.com/isseis/go-safe-cmd-runner/internal/verification/manager.go:413.64,415.4 1 1
github.com/isseis/go-safe-cmd-runner/internal/verification/manager.go:420.2,420.39 1 1
github.com/isseis/go-safe-cmd-runner/internal/verification/manager.go:420.39,421.71 1 1
github.com/isseis/go-safe-cmd-runner/internal/verification/manager.go:421.71,423.4 1 1
github.com/isseis/go-safe-cmd-runner/internal/verification/manager.go:426.2,426.12 1 1
github.com/isseis/go-safe-cmd-runner/internal/verification/manager.go:430.78,431.19 1 1
github.com/isseis/go-safe-cmd-runner/internal/verification/manager.go:431.19,433.3 1 1
github.com/isseis/go-safe-cmd-runner/internal/verification/manager.go:436.2,437.16 2 1
github.com/isseis/go-safe-cmd-runner/internal/verification/manager.go:437.16,439.3 1 0
github.com/isseis/go-safe-cmd-runner/internal/verification/manager.go:440.2,440.13 1 1
github.com/isseis/go-safe-cmd-runner/internal/verification/manager.go:440.13,442.3 1 1
github.com/isseis/go-safe-cmd-runner/internal/verification/manager.go:445.2,446.16 2 1
github.com/isseis/go-safe-cmd-runner/internal/verification/manager.go:446.16,448.3 1 0
github.com/isseis/go-safe-cmd-runner/internal/verification/manager.go:449.2,449.12 1 1
github.com/isseis/go-safe-cmd-runner/internal/verification/manager.go:449.12,451.3 1 0
github.com/isseis/go-safe-cmd-runner/internal/verification/manager.go:453.2,453.12 1 1
github.com/isseis/go-safe-cmd-runner/internal/verification/manager_production.go:12.37,24.2 3 1
github.com/isseis/go-safe-cmd-runner/internal/verification/manager_production.go:28.46,43.2 3 1
github.com/isseis/go-safe-cmd-runner/internal/verification/manager_production.go:66.37,75.71 2 1
github.com/isseis/go-safe-cmd-runner/internal/verification/manager_production.go:75.71,77.3 1 1
github.com/isseis/go-safe-cmd-runner/internal/verification/manager_production.go:79.2,79.63 1 1
github.com/isseis/go-safe-cmd-runner/internal/verification/manager_production.go:83.33,95.80 2 1
github.com/isseis/go-safe-cmd-runner/internal/verification/manager_production.go:95.80,97.3 1 1
github.com/isseis/go-safe-cmd-runner/internal/verification/manager_production.go:99.2,99.60 1 1
github.com/isseis/go-safe-cmd-runner/internal/verification/manager_production.go:103.58,105.47 1 1
github.com/isseis/go-safe-cmd-runner/internal/verification/manager_production.go:105.47,111.3 1 1
github.com/isseis/go-safe-cmd-runner/internal/verification/manager_production.go:115.2,119.12 2 1
github.com/isseis/go-safe-cmd-runner/internal/verification/manager_testing.go:15.46,16.44 1 0
github.com/isseis/go-safe-cmd-runner/internal/verification/manager_testing.go:16.44,18.3 1 0
github.com/isseis/go-safe-cmd-runner/internal/verification/manager_testing.go:22.45,23.44 1 1
github.com/isseis/go-safe-cmd-runner/internal/verification/manager_testing.go:23.44,25.3 1 1
github.com/isseis/go-safe-cmd-runner/internal/verification/manager_testing.go:29.44,30.44 1 0
github.com/isseis/go-safe-cmd-runner/internal/verification/manager_testing.go:30.44,32.3 1 0
github.com/isseis/go-safe-cmd-runner/internal/verification/manager_testing.go:36.44,37.44 1 0
github.com/isseis/go-safe-cmd-runner/internal/verification/manager_testing.go:37.44,39.3 1 0
github.com/isseis/go-safe-cmd-runner/internal/verification/manager_testing.go:43.51,44.44 1 1
github.com/isseis/go-safe-cmd-runner/internal/verification/manager_testing.go:44.44,46.3 1 1
github.com/isseis/go-safe-cmd-runner/internal/verification/manager_testing.go:50.62,51.44 1 1
github.com/isseis/go-safe-cmd-runner/internal/verification/manager_testing.go:51.44,53.3 1 1
github.com/isseis/go-safe-cmd-runner/internal/verification/manager_testing.go:58.81,73.30 6 1
github.com/isseis/go-safe-cmd-runner/internal/verification/manager_testing.go:73.30,75.3 1 1
github.com/isseis/go-safe-cmd-runner/internal/verification/manager_testing.go:78.2,83.46 2 1
github.com/isseis/go-safe-cmd-runner/internal/verification/manager_testing.go:83.46,85.3 1 1
github.com/isseis/go-safe-cmd-runner/internal/verification/manager_testing.go:87.2,87.40 1 1
github.com/isseis/go-safe-cmd-runner/internal/verification/manager_testing.go:87.40,89.3 1 1
github.com/isseis/go-safe-cmd-runner/internal/verification/manager_testing.go:91.2,91.28 1 1
github.com/isseis/go-safe-cmd-runner/internal/verification/manager_testing.go:91.28,93.3 1 1
github.com/isseis/go-safe-cmd-runner/internal/verification/manager_testing.go:95.2,95.44 1 1
github.com/isseis/go-safe-cmd-runner/internal/verification/manager_testing.go:95.44,97.3 1 1
github.com/isseis/go-safe-cmd-runner/internal/verification/manager_testing.go:100.2,100.56 1 1
github.com/isseis/go-safe-cmd-runner/internal/verification/path_resolver.go:24.106,32.2 1 1
github.com/isseis/go-safe-cmd-runner/internal/verification/path_resolver.go:35.61,37.16 2 1
github.com/isseis/go-safe-cmd-runner/internal/verification/path_resolver.go:37.16,39.3 1 1
github.com/isseis/go-safe-cmd-runner/internal/verification/path_resolver.go:41.2,41.21 1 1
github.com/isseis/go-safe-cmd-runner/internal/verification/path_resolver.go:45.66,46.27 1 1
github.com/isseis/go-safe-cmd-runner/internal/verification/path_resolver.go:46.27,48.3 1 1
github.com/isseis/go-safe-cmd-runner/internal/verification/path_resolver.go:50.2,50.48 1 1
github.com/isseis/go-safe-cmd-runner/internal/verification/path_resolver.go:50.48,51.44 1 1
github.com/isseis/go-safe-cmd-runner/internal/verification/path_resolver.go:51.44,53.4 1 1
github.com/isseis/go-safe-cmd-runner/internal/verification/path_resolver.go:55.2,55.14 1 1
github.com/isseis/go-safe-cmd-runner/internal/verification/path_resolver.go:59.69,60.24 1 1
github.com/isseis/go-safe-cmd-runner/internal/verification/path_resolver.go:60.24,62.3 1 1
github.com/isseis/go-safe-cmd-runner/internal/verification/path_resolver.go:65.2,65.45 1 1
github.com/isseis/go-safe-cmd-runner/internal/verification/path_resolver.go:69.88,70.44 1 1
github.com/isseis/go-safe-cmd-runner/internal/verification/path_resolver.go:70.44,72.3 1 1
github.com/isseis/go-safe-cmd-runner/internal/verification/path_resolver.go:72.8,72.25 1 1
github.com/isseis/go-safe-cmd-runner/internal/verification/path_resolver.go:72.25,74.3 1 1
github.com/isseis/go-safe-cmd-runner/internal/verification/path_resolver.go:76.2,79.18 4 1
github.com/isseis/go-safe-cmd-runner/internal/verification/path_resolver.go:83.69,86.49 2 1
github.com/isseis/go-safe-cmd-runner/internal/verification/path_resolver.go:86.49,89.3 2 0
github.com/isseis/go-safe-cmd-runner/internal/verification/path_resolver.go:90.2,96.29 4 1
github.com/isseis/go-safe-cmd-runner/internal/verification/path_resolver.go:96.29,98.17 2 0
github.com/isseis/go-safe-cmd-runner/internal/verification/path_resolver.go:98.17,100.4 1 0
github.com/isseis/go-safe-cmd-runner/internal/verification/path_resolver.go:101.3,101.27 1 0
github.com/isseis/go-safe-cmd-runner/internal/verification/path_resolver.go:105.2,106.78 2 1
github.com/isseis/go-safe-cmd-runner/internal/verification/path_resolver.go:106.78,108.34 1 1
github.com/isseis/go-safe-cmd-runner/internal/verification/path_resolver.go:108.34,109.12 1 0
github.com/isseis/go-safe-cmd-runner/internal/verification/path_resolver.go:113.3,115.17 3 1
github.com/isseis/go-safe-cmd-runner/internal/verification/path_resolver.go:115.17,118.4 1 1
github.com/isseis/go-safe-cmd-runner/internal/verification/path_resolver.go:120.3,120.16 1 1
github.com/isseis/go-safe-cmd-runner/internal/verification/path_resolver.go:123.2,123.20 1 1
github.com/isseis/go-safe-cmd-runner/internal/verification/path_resolver.go:123.20,125.3 1 1
github.com/isseis/go-safe-cmd-runner/internal/verification/path_resolver.go:126.2,126.62 1 0
github.com/isseis/go-safe-cmd-runner/internal/verification/path_resolver.go:130.68,132.2 1 1
github.com/isseis/go-safe-cmd-runner/internal/verification/types.go:18.39,19.11 1 1
github.com/isseis/go-safe-cmd-runner/internal/verification/types.go:20.30,21.22 1 1
github.com/isseis/go-safe-cmd-runner/internal/verification/types.go:22.27,23.19 1 1
github.com/isseis/go-safe-cmd-runner/internal/verification/types.go:24.10,25.19 1 0
github.com/isseis/go-safe-cmd-runner/internal/verification/types.go:40.40,41.11 1 1
github.com/isseis/go-safe-cmd-runner/internal/verification/types.go:42.27,43.18 1 1
github.com/isseis/go-safe-cmd-runner/internal/verification/types.go:44.28,45.19 1 1
github.com/isseis/go-safe-cmd-runner/internal/verification/types.go:46.10,47.19 1 0
github.com/isseis/go-safe-cmd-runner/internal/verification/types.go:62.51,69.2 1 1
github.com/isseis/go-safe-cmd-runner/internal/verification/types.go:75.57,76.44 1 1
github.com/isseis/go-safe-cmd-runner/internal/verification/types.go:76.44,78.3 1 1
github.com/isseis/go-safe-cmd-runner/internal/verification/types.go:82.60,83.44 1 1
github.com/isseis/go-safe-cmd-runner/internal/verification/types.go:83.44,85.3 1 1
github.com/isseis/go-safe-cmd-runner/internal/verification/types.go:89.58,90.44 1 1
github.com/isseis/go-safe-cmd-runner/internal/verification/types.go:90.44,92.3 1 1
github.com/isseis/go-safe-cmd-runner/internal/verification/types.go:96.57,97.44 1 1
github.com/isseis/go-safe-cmd-runner/internal/verification/types.go:97.44,99.3 1 1
github.com/isseis/go-safe-cmd-runner/internal/verification/types.go:103.63,104.44 1 1
github.com/isseis/go-safe-cmd-runner/internal/verification/types.go:104.44,106.3 1 1
github.com/isseis/go-safe-cmd-runner/internal/verification/types.go:110.46,111.44 1 1
github.com/isseis/go-safe-cmd-runner/internal/verification/types.go:111.44,113.3 1 1
github.com/isseis/go-safe-cmd-runner/internal/verification/types.go:117.80,118.44 1 1
github.com/isseis/go-safe-cmd-runner/internal/verification/types.go:118.44,120.3 1 1
github.com/isseis/go-safe-cmd-runner/internal/verification/testing/testify_mocks.go:16.64,19.2 2 1
github.com/isseis/go-safe-cmd-runner/internal/verification/testing/testify_mocks.go:22.100,24.24 2 1
github.com/isseis/go-safe-cmd-runner/internal/verification/testing/testify_mocks.go:24.24,26.3 1 1
github.com/isseis/go-safe-cmd-runner/internal/verification/testing/testify_mocks.go:27.2,27.58 1 1
